01:35:54.989 [main] INFO  c.e.p.e.EmployeeCrudApplicationTests - Starting EmployeeCrudApplicationTests using Java 19.0.2 with PID 5312 (started by Saurabh in E:\spring boot practice\EmployeeCrud)
01:35:55.003 [main] INFO  c.e.p.e.EmployeeCrudApplicationTests - No active profile set, falling back to 1 default profile: "default"
01:36:17.542 [main] INFO  c.e.p.e.EmployeeCrudApplicationTests - Started EmployeeCrudApplicationTests in 24.452 seconds (process running for 34.948)
01:58:59.949 [main] INFO  c.e.p.e.EmployeeCrudApplicationTests - Starting EmployeeCrudApplicationTests using Java 19.0.2 with PID 13388 (started by Saurabh in E:\spring boot practice\EmployeeCrud)
01:58:59.955 [main] INFO  c.e.p.e.EmployeeCrudApplicationTests - No active profile set, falling back to 1 default profile: "default"
01:59:10.890 [main] INFO  c.e.p.e.EmployeeCrudApplicationTests - Started EmployeeCrudApplicationTests in 11.684 seconds (process running for 15.878)
02:03:56.428 [main] INFO  c.e.p.e.EmployeeCrudApplicationTests - Starting EmployeeCrudApplicationTests using Java 19.0.2 with PID 10728 (started by Saurabh in E:\spring boot practice\EmployeeCrud)
02:03:56.434 [main] INFO  c.e.p.e.EmployeeCrudApplicationTests - No active profile set, falling back to 1 default profile: "default"
02:04:07.638 [main] INFO  c.e.p.e.EmployeeCrudApplicationTests - Started EmployeeCrudApplicationTests in 11.892 seconds (process running for 15.241)
02:13:40.430 [main] INFO  c.e.p.e.EmployeeCrudApplicationTests - Starting EmployeeCrudApplicationTests using Java 17.0.6 with PID 15800 (started by Saurabh in E:\spring boot practice\EmployeeCrud)
02:13:40.435 [main] INFO  c.e.p.e.EmployeeCrudApplicationTests - No active profile set, falling back to 1 default profile: "default"
02:13:56.454 [main] INFO  c.e.p.e.EmployeeCrudApplicationTests - Started EmployeeCrudApplicationTests in 17.564 seconds (process running for 21.169)
02:18:44.358 [main] INFO  c.e.p.e.EmployeeCrudApplicationTests - Starting EmployeeCrudApplicationTests using Java 17.0.6 with PID 17748 (started by Saurabh in E:\spring boot practice\EmployeeCrud)
02:18:44.366 [main] INFO  c.e.p.e.EmployeeCrudApplicationTests - No active profile set, falling back to 1 default profile: "default"
02:18:57.595 [main] INFO  c.e.p.e.EmployeeCrudApplicationTests - Started EmployeeCrudApplicationTests in 14.122 seconds (process running for 18.191)
02:19:35.225 [restartedMain] INFO  c.e.p.e.EmployeeCrudApplication - Starting EmployeeCrudApplication using Java 19.0.2 with PID 15384 (E:\spring boot practice\EmployeeCrud\target\classes started by Saurabh in E:\spring boot practice\EmployeeCrud)
02:19:35.246 [restartedMain] INFO  c.e.p.e.EmployeeCrudApplication - No active profile set, falling back to 1 default profile: "default"
02:19:47.503 [restartedMain] INFO  c.e.p.e.EmployeeCrudApplication - Started EmployeeCrudApplication in 13.586 seconds (process running for 15.958)
02:23:55.533 [main] INFO  c.e.p.e.EmployeeCrudApplication - Starting EmployeeCrudApplication v0.0.1-SNAPSHOT using Java 17.0.6 with PID 8644 (E:\spring boot practice\EmployeeCrud\target\EmployeeCrud-0.0.1-SNAPSHOT.jar started by Saurabh in E:\spring boot practice\EmployeeCrud)
02:23:55.545 [main] INFO  c.e.p.e.EmployeeCrudApplication - No active profile set, falling back to 1 default profile: "default"
02:24:10.357 [main] INFO  c.e.p.e.EmployeeCrudApplication - Started EmployeeCrudApplication in 16.29 seconds (process running for 19.737)
02:25:32.070 [http-nio-7777-exec-1] INFO  c.e.p.e.c.EmployeeController - getAllEmployees - START
02:25:32.071 [http-nio-7777-exec-1] INFO  c.e.p.e.c.EmployeeController - calling findAllEmployees method...
02:25:32.071 [http-nio-7777-exec-4] INFO  c.e.p.e.c.EmployeeController - retrieveEmployeeByPathVariable - START
02:25:32.079 [http-nio-7777-exec-3] ERROR c.e.p.e.c.EmployeeController - Required request parameter 'employeeId' for method parameter type int is not present
org.springframework.web.bind.MissingServletRequestParameterException: Required request parameter 'employeeId' for method parameter type int is not present
	at org.springframework.web.method.annotation.RequestParamMethodArgumentResolver.handleMissingValueInternal(RequestParamMethodArgumentResolver.java:218)
	at org.springframework.web.method.annotation.RequestParamMethodArgumentResolver.handleMissingValue(RequestParamMethodArgumentResolver.java:193)
	at org.springframework.web.method.annotation.AbstractNamedValueMethodArgumentResolver.resolveArgument(AbstractNamedValueMethodArgumentResolver.java:114)
	at org.springframework.web.method.support.HandlerMethodArgumentResolverComposite.resolveArgument(HandlerMethodArgumentResolverComposite.java:122)
	at org.springframework.web.method.support.InvocableHandlerMethod.getMethodArgumentValues(InvocableHandlerMethod.java:181)
	at org.springframework.web.method.support.InvocableHandlerMethod.invokeForRequest(InvocableHandlerMethod.java:148)
	at org.springframework.web.servlet.mvc.method.annotation.ServletInvocableHandlerMethod.invokeAndHandle(ServletInvocableHandlerMethod.java:117)
	at org.springframework.web.servlet.mvc.method.annotation.RequestMappingHandlerAdapter.invokeHandlerMethod(RequestMappingHandlerAdapter.java:884)
	at org.springframework.web.servlet.mvc.method.annotation.RequestMappingHandlerAdapter.handleInternal(RequestMappingHandlerAdapter.java:797)
	at org.springframework.web.servlet.mvc.method.AbstractHandlerMethodAdapter.handle(AbstractHandlerMethodAdapter.java:87)
	at org.springframework.web.servlet.DispatcherServlet.doDispatch(DispatcherServlet.java:1081)
	at org.springframework.web.servlet.DispatcherServlet.doService(DispatcherServlet.java:974)
	at org.springframework.web.servlet.FrameworkServlet.processRequest(FrameworkServlet.java:1011)
	at org.springframework.web.servlet.FrameworkServlet.doGet(FrameworkServlet.java:903)
	at jakarta.servlet.http.HttpServlet.service(HttpServlet.java:705)
	at org.springframework.web.servlet.FrameworkServlet.service(FrameworkServlet.java:885)
	at jakarta.servlet.http.HttpServlet.service(HttpServlet.java:814)
	at org.apache.catalina.core.ApplicationFilterChain.internalDoFilter(ApplicationFilterChain.java:223)
	at org.apache.catalina.core.ApplicationFilterChain.doFilter(ApplicationFilterChain.java:158)
	at org.apache.tomcat.websocket.server.WsFilter.doFilter(WsFilter.java:53)
	at org.apache.catalina.core.ApplicationFilterChain.internalDoFilter(ApplicationFilterChain.java:185)
	at org.apache.catalina.core.ApplicationFilterChain.doFilter(ApplicationFilterChain.java:158)
	at org.springframework.web.filter.RequestContextFilter.doFilterInternal(RequestContextFilter.java:100)
	at org.springframework.web.filter.OncePerRequestFilter.doFilter(OncePerRequestFilter.java:116)
	at org.apache.catalina.core.ApplicationFilterChain.internalDoFilter(ApplicationFilterChain.java:185)
	at org.apache.catalina.core.ApplicationFilterChain.doFilter(ApplicationFilterChain.java:158)
	at org.springframework.web.filter.FormContentFilter.doFilterInternal(FormContentFilter.java:93)
	at org.springframework.web.filter.OncePerRequestFilter.doFilter(OncePerRequestFilter.java:116)
	at org.apache.catalina.core.ApplicationFilterChain.internalDoFilter(ApplicationFilterChain.java:185)
	at org.apache.catalina.core.ApplicationFilterChain.doFilter(ApplicationFilterChain.java:158)
	at org.springframework.web.filter.CharacterEncodingFilter.doFilterInternal(CharacterEncodingFilter.java:201)
	at org.springframework.web.filter.OncePerRequestFilter.doFilter(OncePerRequestFilter.java:116)
	at org.apache.catalina.core.ApplicationFilterChain.internalDoFilter(ApplicationFilterChain.java:185)
	at org.apache.catalina.core.ApplicationFilterChain.doFilter(ApplicationFilterChain.java:158)
	at org.apache.catalina.core.StandardWrapperValve.invoke(StandardWrapperValve.java:177)
	at org.apache.catalina.core.StandardContextValve.invoke(StandardContextValve.java:97)
	at org.apache.catalina.authenticator.AuthenticatorBase.invoke(AuthenticatorBase.java:542)
	at org.apache.catalina.core.StandardHostValve.invoke(StandardHostValve.java:119)
	at org.apache.catalina.valves.ErrorReportValve.invoke(ErrorReportValve.java:92)
	at org.apache.catalina.core.StandardEngineValve.invoke(StandardEngineValve.java:78)
	at org.apache.catalina.connector.CoyoteAdapter.service(CoyoteAdapter.java:357)
	at org.apache.coyote.http11.Http11Processor.service(Http11Processor.java:400)
	at org.apache.coyote.AbstractProcessorLight.process(AbstractProcessorLight.java:65)
	at org.apache.coyote.AbstractProtocol$ConnectionHandler.process(AbstractProtocol.java:859)
	at org.apache.tomcat.util.net.NioEndpoint$SocketProcessor.doRun(NioEndpoint.java:1734)
	at org.apache.tomcat.util.net.SocketProcessorBase.run(SocketProcessorBase.java:52)
	at org.apache.tomcat.util.threads.ThreadPoolExecutor.runWorker(ThreadPoolExecutor.java:1191)
	at org.apache.tomcat.util.threads.ThreadPoolExecutor$Worker.run(ThreadPoolExecutor.java:659)
	at org.apache.tomcat.util.threads.TaskThread$WrappingRunnable.run(TaskThread.java:61)
	at java.base/java.lang.Thread.run(Thread.java:833)
02:25:32.088 [http-nio-7777-exec-4] INFO  c.e.p.e.c.EmployeeController - Calling findEmployee method...
02:25:32.138 [http-nio-7777-exec-4] INFO  c.e.p.e.service.EmployeeServiceImpl - findEmployee - START
02:25:32.188 [http-nio-7777-exec-4] INFO  c.e.p.e.service.EmployeeServiceImpl - calling the repository findByEmployeeId...
02:25:32.713 [http-nio-7777-exec-4] INFO  c.e.p.e.service.EmployeeServiceImpl - findEmployee - END
02:25:32.799 [http-nio-7777-exec-1] INFO  c.e.p.e.c.EmployeeController - getAllEmployees - END
02:25:32.809 [http-nio-7777-exec-4] INFO  c.e.p.e.c.EmployeeController - retrieveEmployeeByPathVariable - END
02:26:01.819 [http-nio-7777-exec-6] INFO  c.e.p.e.c.EmployeeController - getAllEmployees - START
02:26:01.820 [http-nio-7777-exec-6] INFO  c.e.p.e.c.EmployeeController - calling findAllEmployees method...
02:26:01.870 [http-nio-7777-exec-6] INFO  c.e.p.e.c.EmployeeController - getAllEmployees - END
02:31:13.752 [http-nio-7777-exec-9] INFO  c.e.p.e.c.EmployeeController - retrieveEmployeeByRequestParameter - START
02:31:13.753 [http-nio-7777-exec-9] INFO  c.e.p.e.c.EmployeeController - calling findEmployee method...
02:31:13.757 [http-nio-7777-exec-9] INFO  c.e.p.e.service.EmployeeServiceImpl - findEmployee - START
02:31:13.757 [http-nio-7777-exec-9] INFO  c.e.p.e.service.EmployeeServiceImpl - calling the repository findByEmployeeId...
02:31:13.769 [http-nio-7777-exec-9] INFO  c.e.p.e.service.EmployeeServiceImpl - findEmployee - END
02:31:13.771 [http-nio-7777-exec-9] INFO  c.e.p.e.c.EmployeeController - retrieveEmployeeByRequestParameter - END
02:32:49.458 [main] INFO  c.e.p.e.EmployeeCrudApplicationTests - Starting EmployeeCrudApplicationTests using Java 17.0.6 with PID 1520 (started by Saurabh in E:\spring boot practice\EmployeeCrud)
02:32:49.463 [main] INFO  c.e.p.e.EmployeeCrudApplicationTests - No active profile set, falling back to 1 default profile: "default"
02:33:02.320 [main] INFO  c.e.p.e.EmployeeCrudApplicationTests - Started EmployeeCrudApplicationTests in 13.578 seconds (process running for 16.825)
02:33:38.414 [restartedMain] INFO  c.e.p.e.EmployeeCrudApplication - Starting EmployeeCrudApplication using Java 19.0.2 with PID 17748 (E:\spring boot practice\EmployeeCrud\target\classes started by Saurabh in E:\spring boot practice\EmployeeCrud)
02:33:38.422 [restartedMain] INFO  c.e.p.e.EmployeeCrudApplication - No active profile set, falling back to 1 default profile: "default"
02:33:52.206 [restartedMain] INFO  c.e.p.e.EmployeeCrudApplication - Started EmployeeCrudApplication in 14.863 seconds (process running for 17.276)
02:34:36.776 [http-nio-7777-exec-1] INFO  c.e.p.e.c.EmployeeController - retrieveEmployeeByRequestParameter - START
02:34:36.779 [http-nio-7777-exec-1] INFO  c.e.p.e.c.EmployeeController - calling findEmployee method...
02:34:36.795 [http-nio-7777-exec-1] INFO  c.e.p.e.service.EmployeeServiceImpl - findEmployee - START
02:34:36.796 [http-nio-7777-exec-1] INFO  c.e.p.e.service.EmployeeServiceImpl - calling the repository findByEmployeeId...
02:34:37.083 [http-nio-7777-exec-1] INFO  c.e.p.e.service.EmployeeServiceImpl - findEmployee - END
02:34:37.121 [http-nio-7777-exec-1] INFO  c.e.p.e.c.EmployeeController - retrieveEmployeeByRequestParameter - END
02:34:39.992 [http-nio-7777-exec-2] INFO  c.e.p.e.c.EmployeeController - retrieveEmployeeByRequestParameter - START
02:34:39.993 [http-nio-7777-exec-2] INFO  c.e.p.e.c.EmployeeController - calling findEmployee method...
02:34:39.995 [http-nio-7777-exec-2] INFO  c.e.p.e.service.EmployeeServiceImpl - findEmployee - START
02:34:39.995 [http-nio-7777-exec-2] INFO  c.e.p.e.service.EmployeeServiceImpl - calling the repository findByEmployeeId...
02:34:40.001 [http-nio-7777-exec-2] INFO  c.e.p.e.service.EmployeeServiceImpl - findEmployee - END
02:34:40.018 [http-nio-7777-exec-2] INFO  c.e.p.e.c.EmployeeController - retrieveEmployeeByRequestParameter - END
02:35:05.184 [restartedMain] INFO  c.e.p.e.EmployeeCrudApplication - Starting EmployeeCrudApplication using Java 19.0.2 with PID 17748 (E:\spring boot practice\EmployeeCrud\target\classes started by Saurabh in E:\spring boot practice\EmployeeCrud)
02:35:05.185 [restartedMain] INFO  c.e.p.e.EmployeeCrudApplication - No active profile set, falling back to 1 default profile: "default"
02:35:11.732 [restartedMain] INFO  c.e.p.e.EmployeeCrudApplication - Started EmployeeCrudApplication in 7.274 seconds (process running for 96.802)
02:35:16.259 [restartedMain] INFO  c.e.p.e.EmployeeCrudApplication - Starting EmployeeCrudApplication using Java 19.0.2 with PID 17748 (E:\spring boot practice\EmployeeCrud\target\classes started by Saurabh in E:\spring boot practice\EmployeeCrud)
02:35:16.280 [restartedMain] INFO  c.e.p.e.EmployeeCrudApplication - No active profile set, falling back to 1 default profile: "default"
02:35:20.722 [restartedMain] INFO  c.e.p.e.EmployeeCrudApplication - Started EmployeeCrudApplication in 4.807 seconds (process running for 105.791)
02:35:27.640 [main] INFO  c.e.p.e.EmployeeCrudApplicationTests - Starting EmployeeCrudApplicationTests using Java 17.0.6 with PID 4152 (started by Saurabh in E:\spring boot practice\EmployeeCrud)
02:35:27.647 [main] INFO  c.e.p.e.EmployeeCrudApplicationTests - No active profile set, falling back to 1 default profile: "default"
02:35:40.081 [main] INFO  c.e.p.e.EmployeeCrudApplicationTests - Started EmployeeCrudApplicationTests in 13.287 seconds (process running for 16.822)
02:41:01.586 [restartedMain] INFO  c.e.p.e.EmployeeCrudApplication - Starting EmployeeCrudApplication using Java 19.0.2 with PID 14108 (E:\spring boot practice\EmployeeCrud\target\classes started by Saurabh in E:\spring boot practice\EmployeeCrud)
02:41:01.602 [restartedMain] INFO  c.e.p.e.EmployeeCrudApplication - No active profile set, falling back to 1 default profile: "default"
02:43:18.130 [restartedMain] INFO  c.e.p.e.EmployeeCrudApplication - Starting EmployeeCrudApplication using Java 19.0.2 with PID 16768 (E:\spring boot practice\EmployeeCrud\target\classes started by Saurabh in E:\spring boot practice\EmployeeCrud)
02:43:18.139 [restartedMain] INFO  c.e.p.e.EmployeeCrudApplication - No active profile set, falling back to 1 default profile: "default"
02:46:39.731 [restartedMain] INFO  c.e.p.e.EmployeeCrudApplication - Starting EmployeeCrudApplication using Java 19.0.2 with PID 14244 (E:\spring boot practice\EmployeeCrud\target\classes started by Saurabh in E:\spring boot practice\EmployeeCrud)
02:46:39.742 [restartedMain] INFO  c.e.p.e.EmployeeCrudApplication - No active profile set, falling back to 1 default profile: "default"
02:46:53.779 [restartedMain] INFO  c.e.p.e.EmployeeCrudApplication - Started EmployeeCrudApplication in 15.161 seconds (process running for 17.497)
02:47:22.973 [restartedMain] INFO  c.e.p.e.EmployeeCrudApplication - Starting EmployeeCrudApplication using Java 19.0.2 with PID 14244 (E:\spring boot practice\EmployeeCrud\target\classes started by Saurabh in E:\spring boot practice\EmployeeCrud)
02:47:22.974 [restartedMain] INFO  c.e.p.e.EmployeeCrudApplication - No active profile set, falling back to 1 default profile: "default"
02:47:33.555 [restartedMain] INFO  c.e.p.e.EmployeeCrudApplication - Starting EmployeeCrudApplication using Java 19.0.2 with PID 14244 (E:\spring boot practice\EmployeeCrud\target\classes started by Saurabh in E:\spring boot practice\EmployeeCrud)
02:47:33.562 [restartedMain] INFO  c.e.p.e.EmployeeCrudApplication - No active profile set, falling back to 1 default profile: "default"
02:47:36.234 [restartedMain] INFO  c.e.p.e.EmployeeCrudApplication - Started EmployeeCrudApplication in 2.823 seconds (process running for 59.952)
02:47:36.693 [http-nio-7777-exec-1] INFO  c.e.p.e.c.EmployeeController - getAllEmployees - START
02:47:36.693 [http-nio-7777-exec-1] INFO  c.e.p.e.c.EmployeeController - calling findAllEmployees method...
02:47:36.954 [http-nio-7777-exec-1] INFO  c.e.p.e.c.EmployeeController - getAllEmployees - END
02:53:22.492 [main] INFO  c.e.p.e.s.EmployeeServiceImplTest - Starting EmployeeServiceImplTest using Java 19.0.2 with PID 1416 (started by Saurabh in E:\spring boot practice\EmployeeCrud)
02:53:22.496 [main] INFO  c.e.p.e.s.EmployeeServiceImplTest - No active profile set, falling back to 1 default profile: "default"
02:53:34.443 [main] INFO  c.e.p.e.s.EmployeeServiceImplTest - Started EmployeeServiceImplTest in 12.534 seconds (process running for 16.371)
02:54:37.282 [main] INFO  c.e.p.e.s.EmployeeServiceImplTest - Starting EmployeeServiceImplTest using Java 19.0.2 with PID 12704 (started by Saurabh in E:\spring boot practice\EmployeeCrud)
02:54:37.292 [main] INFO  c.e.p.e.s.EmployeeServiceImplTest - No active profile set, falling back to 1 default profile: "default"
02:54:50.542 [main] INFO  c.e.p.e.s.EmployeeServiceImplTest - Started EmployeeServiceImplTest in 14.027 seconds (process running for 17.625)
02:55:45.369 [main] INFO  c.e.p.e.s.EmployeeServiceImplTest - Starting EmployeeServiceImplTest using Java 19.0.2 with PID 14972 (started by Saurabh in E:\spring boot practice\EmployeeCrud)
02:55:45.374 [main] INFO  c.e.p.e.s.EmployeeServiceImplTest - No active profile set, falling back to 1 default profile: "default"
02:55:57.681 [main] INFO  c.e.p.e.s.EmployeeServiceImplTest - Started EmployeeServiceImplTest in 12.881 seconds (process running for 16.235)
02:59:58.769 [main] INFO  c.e.p.e.s.EmployeeServiceImplTest - Starting EmployeeServiceImplTest using Java 19.0.2 with PID 12596 (started by Saurabh in E:\spring boot practice\EmployeeCrud)
02:59:58.773 [main] INFO  c.e.p.e.s.EmployeeServiceImplTest - No active profile set, falling back to 1 default profile: "default"
03:00:10.408 [main] INFO  c.e.p.e.s.EmployeeServiceImplTest - Started EmployeeServiceImplTest in 12.255 seconds (process running for 15.494)
03:03:34.247 [main] INFO  c.e.p.e.s.EmployeeServiceImplTest - Starting EmployeeServiceImplTest using Java 19.0.2 with PID 14864 (started by Saurabh in E:\spring boot practice\EmployeeCrud)
03:03:34.252 [main] INFO  c.e.p.e.s.EmployeeServiceImplTest - No active profile set, falling back to 1 default profile: "default"
03:03:45.478 [main] INFO  c.e.p.e.s.EmployeeServiceImplTest - Started EmployeeServiceImplTest in 11.851 seconds (process running for 15.462)
03:03:46.084 [main] INFO  c.e.p.e.service.EmployeeServiceImpl - findEmployee - START
03:03:46.084 [main] INFO  c.e.p.e.service.EmployeeServiceImpl - calling the repository findByEmployeeId...
03:04:34.080 [main] INFO  c.e.p.e.s.EmployeeServiceImplTest - Starting EmployeeServiceImplTest using Java 19.0.2 with PID 11528 (started by Saurabh in E:\spring boot practice\EmployeeCrud)
03:04:34.084 [main] INFO  c.e.p.e.s.EmployeeServiceImplTest - No active profile set, falling back to 1 default profile: "default"
03:04:45.770 [main] INFO  c.e.p.e.s.EmployeeServiceImplTest - Started EmployeeServiceImplTest in 12.295 seconds (process running for 15.934)
03:04:46.683 [main] INFO  c.e.p.e.service.EmployeeServiceImpl - findEmployee - START
03:04:46.683 [main] INFO  c.e.p.e.service.EmployeeServiceImpl - calling the repository findByEmployeeId...
03:04:46.809 [main] INFO  c.e.p.e.service.EmployeeServiceImpl - findEmployee - END
03:19:40.008 [main] INFO  c.e.p.e.s.EmployeeServiceImplTest - Starting EmployeeServiceImplTest using Java 19.0.2 with PID 16612 (started by Saurabh in E:\spring boot practice\EmployeeCrud)
03:19:40.013 [main] INFO  c.e.p.e.s.EmployeeServiceImplTest - No active profile set, falling back to 1 default profile: "default"
03:19:50.156 [main] INFO  c.e.p.e.s.EmployeeServiceImplTest - Started EmployeeServiceImplTest in 10.742 seconds (process running for 14.735)
03:19:50.588 [main] INFO  c.e.p.e.service.EmployeeServiceImpl - addEmployee - START
03:19:50.588 [main] INFO  c.e.p.e.service.EmployeeServiceImpl - calling the repository save method...
03:19:51.140 [main] INFO  c.e.p.e.service.EmployeeServiceImpl - addEmployee - END
03:20:28.249 [restartedMain] INFO  c.e.p.e.EmployeeCrudApplication - Starting EmployeeCrudApplication using Java 19.0.2 with PID 17516 (E:\spring boot practice\EmployeeCrud\target\classes started by Saurabh in E:\spring boot practice\EmployeeCrud)
03:20:28.257 [restartedMain] INFO  c.e.p.e.EmployeeCrudApplication - No active profile set, falling back to 1 default profile: "default"
03:20:44.783 [restartedMain] INFO  c.e.p.e.EmployeeCrudApplication - Started EmployeeCrudApplication in 17.527 seconds (process running for 19.86)
03:20:49.215 [http-nio-7777-exec-1] INFO  c.e.p.e.c.EmployeeController - getAllEmployees - START
03:20:49.215 [http-nio-7777-exec-1] INFO  c.e.p.e.c.EmployeeController - calling findAllEmployees method...
03:20:49.669 [http-nio-7777-exec-1] INFO  c.e.p.e.c.EmployeeController - getAllEmployees - END
03:24:16.047 [main] INFO  c.e.p.e.s.EmployeeServiceImplTest - Starting EmployeeServiceImplTest using Java 19.0.2 with PID 10620 (started by Saurabh in E:\spring boot practice\EmployeeCrud)
03:24:16.052 [main] INFO  c.e.p.e.s.EmployeeServiceImplTest - No active profile set, falling back to 1 default profile: "default"
03:24:27.471 [main] INFO  c.e.p.e.s.EmployeeServiceImplTest - Started EmployeeServiceImplTest in 12.046 seconds (process running for 15.599)
03:24:28.016 [main] INFO  c.e.p.e.service.EmployeeServiceImpl - addEmployee - START
03:24:28.016 [main] INFO  c.e.p.e.service.EmployeeServiceImpl - calling the repository save method...
03:24:28.328 [main] INFO  c.e.p.e.service.EmployeeServiceImpl - addEmployee - END
03:26:37.855 [main] INFO  c.e.p.e.s.EmployeeServiceImplTest - Starting EmployeeServiceImplTest using Java 19.0.2 with PID 10780 (started by Saurabh in E:\spring boot practice\EmployeeCrud)
03:26:37.861 [main] INFO  c.e.p.e.s.EmployeeServiceImplTest - No active profile set, falling back to 1 default profile: "default"
03:26:50.179 [main] INFO  c.e.p.e.s.EmployeeServiceImplTest - Started EmployeeServiceImplTest in 12.975 seconds (process running for 16.639)
03:26:50.697 [main] INFO  c.e.p.e.service.EmployeeServiceImpl - addEmployee - START
03:26:50.697 [main] INFO  c.e.p.e.service.EmployeeServiceImpl - calling the repository save method...
03:26:50.961 [main] INFO  c.e.p.e.service.EmployeeServiceImpl - addEmployee - END
03:27:33.212 [main] INFO  c.e.p.e.s.EmployeeServiceImplTest - Starting EmployeeServiceImplTest using Java 19.0.2 with PID 5136 (started by Saurabh in E:\spring boot practice\EmployeeCrud)
03:27:33.217 [main] INFO  c.e.p.e.s.EmployeeServiceImplTest - No active profile set, falling back to 1 default profile: "default"
03:27:43.566 [main] INFO  c.e.p.e.s.EmployeeServiceImplTest - Started EmployeeServiceImplTest in 10.96 seconds (process running for 14.202)
03:27:43.995 [main] INFO  c.e.p.e.service.EmployeeServiceImpl - addEmployee - START
03:27:43.996 [main] INFO  c.e.p.e.service.EmployeeServiceImpl - calling the repository save method...
03:27:44.302 [main] INFO  c.e.p.e.service.EmployeeServiceImpl - addEmployee - END
03:55:52.192 [main] INFO  c.e.p.e.s.EmployeeServiceImplTest - Starting EmployeeServiceImplTest using Java 19.0.2 with PID 15328 (started by Saurabh in E:\spring boot practice\EmployeeCrud)
03:55:52.224 [main] INFO  c.e.p.e.s.EmployeeServiceImplTest - No active profile set, falling back to 1 default profile: "default"
03:56:09.947 [main] INFO  c.e.p.e.s.EmployeeServiceImplTest - Started EmployeeServiceImplTest in 18.961 seconds (process running for 25.368)
03:56:10.754 [main] INFO  c.e.p.e.service.EmployeeServiceImpl - findEmployee - START
03:56:10.755 [main] INFO  c.e.p.e.service.EmployeeServiceImpl - calling the repository findByEmployeeId...
03:56:10.998 [main] INFO  c.e.p.e.service.EmployeeServiceImpl - findEmployee - END
03:59:54.370 [main] INFO  c.e.p.e.s.EmployeeServiceImplTest - Starting EmployeeServiceImplTest using Java 19.0.2 with PID 3164 (started by Saurabh in E:\spring boot practice\EmployeeCrud)
03:59:54.375 [main] INFO  c.e.p.e.s.EmployeeServiceImplTest - No active profile set, falling back to 1 default profile: "default"
04:00:10.933 [main] INFO  c.e.p.e.s.EmployeeServiceImplTest - Started EmployeeServiceImplTest in 17.164 seconds (process running for 21.973)
04:00:11.580 [main] INFO  c.e.p.e.service.EmployeeServiceImpl - findEmployee - START
04:00:11.580 [main] INFO  c.e.p.e.service.EmployeeServiceImpl - calling the repository findByEmployeeId...
04:00:11.848 [main] INFO  c.e.p.e.service.EmployeeServiceImpl - findEmployee - END
04:01:06.375 [main] INFO  c.e.p.e.s.EmployeeServiceImplTest - Starting EmployeeServiceImplTest using Java 19.0.2 with PID 16220 (started by Saurabh in E:\spring boot practice\EmployeeCrud)
04:01:06.391 [main] INFO  c.e.p.e.s.EmployeeServiceImplTest - No active profile set, falling back to 1 default profile: "default"
04:01:21.327 [main] INFO  c.e.p.e.s.EmployeeServiceImplTest - Started EmployeeServiceImplTest in 15.792 seconds (process running for 19.637)
04:01:21.817 [main] INFO  c.e.p.e.service.EmployeeServiceImpl - findEmployee - START
04:01:21.817 [main] INFO  c.e.p.e.service.EmployeeServiceImpl - calling the repository findByEmployeeId...
04:01:22.047 [main] INFO  c.e.p.e.service.EmployeeServiceImpl - findEmployee - END
04:05:37.029 [main] INFO  c.e.p.e.s.EmployeeServiceImplTest - Starting EmployeeServiceImplTest using Java 19.0.2 with PID 12848 (started by Saurabh in E:\spring boot practice\EmployeeCrud)
04:05:37.036 [main] INFO  c.e.p.e.s.EmployeeServiceImplTest - No active profile set, falling back to 1 default profile: "default"
04:05:49.242 [main] INFO  c.e.p.e.s.EmployeeServiceImplTest - Started EmployeeServiceImplTest in 12.911 seconds (process running for 16.878)
04:05:49.786 [main] INFO  c.e.p.e.service.EmployeeServiceImpl - findEmployee - START
04:05:49.787 [main] INFO  c.e.p.e.service.EmployeeServiceImpl - calling the repository findByEmployeeId...
04:05:50.021 [main] INFO  c.e.p.e.service.EmployeeServiceImpl - findEmployee - END
04:07:55.594 [main] INFO  c.e.p.e.s.EmployeeServiceImplTest - Starting EmployeeServiceImplTest using Java 19.0.2 with PID 17896 (started by Saurabh in E:\spring boot practice\EmployeeCrud)
04:07:55.598 [main] INFO  c.e.p.e.s.EmployeeServiceImplTest - No active profile set, falling back to 1 default profile: "default"
04:08:09.936 [main] INFO  c.e.p.e.s.EmployeeServiceImplTest - Started EmployeeServiceImplTest in 14.992 seconds (process running for 18.936)
04:08:10.693 [main] INFO  c.e.p.e.service.EmployeeServiceImpl - findEmployee - START
04:08:10.693 [main] INFO  c.e.p.e.service.EmployeeServiceImpl - calling the repository findByEmployeeId...
04:08:10.971 [main] INFO  c.e.p.e.service.EmployeeServiceImpl - findEmployee - END
04:09:26.072 [main] INFO  c.e.p.e.s.EmployeeServiceImplTest - Starting EmployeeServiceImplTest using Java 19.0.2 with PID 14884 (started by Saurabh in E:\spring boot practice\EmployeeCrud)
04:09:26.103 [main] INFO  c.e.p.e.s.EmployeeServiceImplTest - No active profile set, falling back to 1 default profile: "default"
04:09:38.580 [main] INFO  c.e.p.e.s.EmployeeServiceImplTest - Started EmployeeServiceImplTest in 13.211 seconds (process running for 16.877)
04:09:39.132 [main] INFO  c.e.p.e.service.EmployeeServiceImpl - findEmployee - START
04:09:39.132 [main] INFO  c.e.p.e.service.EmployeeServiceImpl - calling the repository findByEmployeeId...
04:09:39.365 [main] INFO  c.e.p.e.service.EmployeeServiceImpl - findEmployee - END
04:11:58.895 [main] INFO  c.e.p.e.s.EmployeeServiceImplTest - Starting EmployeeServiceImplTest using Java 19.0.2 with PID 5272 (started by Saurabh in E:\spring boot practice\EmployeeCrud)
04:11:58.899 [main] INFO  c.e.p.e.s.EmployeeServiceImplTest - No active profile set, falling back to 1 default profile: "default"
04:12:11.025 [main] INFO  c.e.p.e.s.EmployeeServiceImplTest - Started EmployeeServiceImplTest in 12.711 seconds (process running for 16.744)
04:12:11.793 [main] INFO  c.e.p.e.service.EmployeeServiceImpl - findEmployee - START
04:12:11.793 [main] INFO  c.e.p.e.service.EmployeeServiceImpl - calling the repository findByEmployeeId...
04:16:03.068 [main] INFO  c.e.p.e.s.EmployeeServiceImplTest - Starting EmployeeServiceImplTest using Java 19.0.2 with PID 8344 (started by Saurabh in E:\spring boot practice\EmployeeCrud)
04:16:03.073 [main] INFO  c.e.p.e.s.EmployeeServiceImplTest - No active profile set, falling back to 1 default profile: "default"
04:16:18.082 [main] INFO  c.e.p.e.s.EmployeeServiceImplTest - Started EmployeeServiceImplTest in 16.213 seconds (process running for 22.931)
04:16:19.037 [main] INFO  c.e.p.e.service.EmployeeServiceImpl - findEmployee - START
04:16:19.038 [main] INFO  c.e.p.e.service.EmployeeServiceImpl - calling the repository findByEmployeeId...
04:16:19.372 [main] INFO  c.e.p.e.service.EmployeeServiceImpl - findEmployee - END
04:18:34.842 [main] INFO  c.e.p.e.s.EmployeeServiceImplTest - Starting EmployeeServiceImplTest using Java 19.0.2 with PID 6156 (started by Saurabh in E:\spring boot practice\EmployeeCrud)
04:18:34.848 [main] INFO  c.e.p.e.s.EmployeeServiceImplTest - No active profile set, falling back to 1 default profile: "default"
04:18:48.128 [main] INFO  c.e.p.e.s.EmployeeServiceImplTest - Started EmployeeServiceImplTest in 13.983 seconds (process running for 17.873)
04:18:48.751 [main] INFO  c.e.p.e.service.EmployeeServiceImpl - findEmployee - START
04:18:48.752 [main] INFO  c.e.p.e.service.EmployeeServiceImpl - calling the repository findByEmployeeId...
04:18:48.974 [main] INFO  c.e.p.e.service.EmployeeServiceImpl - findEmployee - END
04:18:49.175 [main] INFO  c.e.p.e.service.EmployeeServiceImpl - findEmployee - START
04:18:49.176 [main] INFO  c.e.p.e.service.EmployeeServiceImpl - calling the repository findByEmployeeId...
04:18:49.187 [main] INFO  c.e.p.e.service.EmployeeServiceImpl - findEmployee - START
04:18:49.187 [main] INFO  c.e.p.e.service.EmployeeServiceImpl - calling the repository findByEmployeeId...
04:20:15.316 [main] INFO  c.e.p.e.s.EmployeeServiceImplTest - Starting EmployeeServiceImplTest using Java 19.0.2 with PID 5512 (started by Saurabh in E:\spring boot practice\EmployeeCrud)
04:20:15.321 [main] INFO  c.e.p.e.s.EmployeeServiceImplTest - No active profile set, falling back to 1 default profile: "default"
04:20:26.701 [main] INFO  c.e.p.e.s.EmployeeServiceImplTest - Started EmployeeServiceImplTest in 12.009 seconds (process running for 16.287)
04:20:27.219 [main] INFO  c.e.p.e.service.EmployeeServiceImpl - findEmployee - START
04:20:27.220 [main] INFO  c.e.p.e.service.EmployeeServiceImpl - calling the repository findByEmployeeId...
04:20:27.455 [main] INFO  c.e.p.e.service.EmployeeServiceImpl - findEmployee - END
04:20:27.776 [main] INFO  c.e.p.e.service.EmployeeServiceImpl - findEmployee - START
04:20:27.776 [main] INFO  c.e.p.e.service.EmployeeServiceImpl - calling the repository findByEmployeeId...
04:20:27.787 [main] INFO  c.e.p.e.service.EmployeeServiceImpl - findEmployee - START
04:20:27.788 [main] INFO  c.e.p.e.service.EmployeeServiceImpl - calling the repository findByEmployeeId...
04:20:59.502 [main] INFO  c.e.p.e.s.EmployeeServiceImplTest - Starting EmployeeServiceImplTest using Java 19.0.2 with PID 11340 (started by Saurabh in E:\spring boot practice\EmployeeCrud)
04:20:59.507 [main] INFO  c.e.p.e.s.EmployeeServiceImplTest - No active profile set, falling back to 1 default profile: "default"
04:21:16.562 [main] INFO  c.e.p.e.s.EmployeeServiceImplTest - Started EmployeeServiceImplTest in 18.019 seconds (process running for 22.838)
04:21:17.228 [main] INFO  c.e.p.e.service.EmployeeServiceImpl - findEmployee - START
04:21:17.229 [main] INFO  c.e.p.e.service.EmployeeServiceImpl - calling the repository findByEmployeeId...
04:21:17.517 [main] INFO  c.e.p.e.service.EmployeeServiceImpl - findEmployee - END
04:21:17.815 [main] INFO  c.e.p.e.service.EmployeeServiceImpl - findEmployee - START
04:21:17.815 [main] INFO  c.e.p.e.service.EmployeeServiceImpl - calling the repository findByEmployeeId...
04:21:17.829 [main] INFO  c.e.p.e.service.EmployeeServiceImpl - findEmployee - START
04:21:17.829 [main] INFO  c.e.p.e.service.EmployeeServiceImpl - calling the repository findByEmployeeId...
04:23:28.015 [main] INFO  c.e.p.e.s.EmployeeServiceImplTest - Starting EmployeeServiceImplTest using Java 19.0.2 with PID 11220 (started by Saurabh in E:\spring boot practice\EmployeeCrud)
04:23:28.020 [main] INFO  c.e.p.e.s.EmployeeServiceImplTest - No active profile set, falling back to 1 default profile: "default"
04:23:40.927 [main] INFO  c.e.p.e.s.EmployeeServiceImplTest - Started EmployeeServiceImplTest in 13.56 seconds (process running for 16.973)
04:23:41.608 [main] INFO  c.e.p.e.service.EmployeeServiceImpl - findEmployee - START
04:23:41.608 [main] INFO  c.e.p.e.service.EmployeeServiceImpl - calling the repository findByEmployeeId...
04:23:41.790 [main] INFO  c.e.p.e.service.EmployeeServiceImpl - findEmployee - END
04:24:16.783 [main] INFO  c.e.p.e.s.EmployeeServiceImplTest - Starting EmployeeServiceImplTest using Java 19.0.2 with PID 16140 (started by Saurabh in E:\spring boot practice\EmployeeCrud)
04:24:16.790 [main] INFO  c.e.p.e.s.EmployeeServiceImplTest - No active profile set, falling back to 1 default profile: "default"
04:24:35.841 [main] INFO  c.e.p.e.s.EmployeeServiceImplTest - Started EmployeeServiceImplTest in 19.873 seconds (process running for 24.806)
04:24:36.880 [main] INFO  c.e.p.e.service.EmployeeServiceImpl - findEmployee - START
04:24:36.881 [main] INFO  c.e.p.e.service.EmployeeServiceImpl - calling the repository findByEmployeeId...
04:24:37.269 [main] INFO  c.e.p.e.service.EmployeeServiceImpl - findEmployee - END
04:24:37.668 [main] INFO  c.e.p.e.service.EmployeeServiceImpl - findEmployee - START
04:24:37.668 [main] INFO  c.e.p.e.service.EmployeeServiceImpl - calling the repository findByEmployeeId...
04:24:37.686 [main] INFO  c.e.p.e.service.EmployeeServiceImpl - findEmployee - START
04:24:37.686 [main] INFO  c.e.p.e.service.EmployeeServiceImpl - calling the repository findByEmployeeId...
04:26:36.127 [main] INFO  c.e.p.e.s.EmployeeServiceImplTest - Starting EmployeeServiceImplTest using Java 19.0.2 with PID 13428 (started by Saurabh in E:\spring boot practice\EmployeeCrud)
04:26:36.131 [main] INFO  c.e.p.e.s.EmployeeServiceImplTest - No active profile set, falling back to 1 default profile: "default"
04:26:48.183 [main] INFO  c.e.p.e.s.EmployeeServiceImplTest - Started EmployeeServiceImplTest in 12.635 seconds (process running for 16.66)
04:26:48.760 [main] INFO  c.e.p.e.service.EmployeeServiceImpl - findEmployee - START
04:26:48.760 [main] INFO  c.e.p.e.service.EmployeeServiceImpl - calling the repository findByEmployeeId...
04:26:49.026 [main] INFO  c.e.p.e.service.EmployeeServiceImpl - findEmployee - END
04:26:49.305 [main] INFO  c.e.p.e.service.EmployeeServiceImpl - findEmployee - START
04:26:49.306 [main] INFO  c.e.p.e.service.EmployeeServiceImpl - calling the repository findByEmployeeId...
04:26:49.322 [main] INFO  c.e.p.e.service.EmployeeServiceImpl - findEmployee - START
04:26:49.322 [main] INFO  c.e.p.e.service.EmployeeServiceImpl - calling the repository findByEmployeeId...
04:27:28.998 [main] INFO  c.e.p.e.s.EmployeeServiceImplTest - Starting EmployeeServiceImplTest using Java 19.0.2 with PID 16192 (started by Saurabh in E:\spring boot practice\EmployeeCrud)
04:27:29.005 [main] INFO  c.e.p.e.s.EmployeeServiceImplTest - No active profile set, falling back to 1 default profile: "default"
04:27:46.011 [main] INFO  c.e.p.e.s.EmployeeServiceImplTest - Started EmployeeServiceImplTest in 17.903 seconds (process running for 23.431)
04:27:46.805 [main] INFO  c.e.p.e.service.EmployeeServiceImpl - findEmployee - START
04:27:46.805 [main] INFO  c.e.p.e.service.EmployeeServiceImpl - calling the repository findByEmployeeId...
04:27:47.152 [main] INFO  c.e.p.e.service.EmployeeServiceImpl - findEmployee - END
04:27:47.491 [main] INFO  c.e.p.e.service.EmployeeServiceImpl - findEmployee - START
04:27:47.491 [main] INFO  c.e.p.e.service.EmployeeServiceImpl - calling the repository findByEmployeeId...
04:27:47.508 [main] INFO  c.e.p.e.service.EmployeeServiceImpl - findEmployee - START
04:27:47.508 [main] INFO  c.e.p.e.service.EmployeeServiceImpl - calling the repository findByEmployeeId...
04:30:41.466 [main] INFO  c.e.p.e.s.EmployeeServiceImplTest - Starting EmployeeServiceImplTest using Java 19.0.2 with PID 16588 (started by Saurabh in E:\spring boot practice\EmployeeCrud)
04:30:41.471 [main] INFO  c.e.p.e.s.EmployeeServiceImplTest - No active profile set, falling back to 1 default profile: "default"
04:30:53.855 [main] INFO  c.e.p.e.s.EmployeeServiceImplTest - Started EmployeeServiceImplTest in 13.261 seconds (process running for 17.006)
04:32:14.202 [main] INFO  c.e.p.e.s.EmployeeServiceImplTest - Starting EmployeeServiceImplTest using Java 19.0.2 with PID 14760 (started by Saurabh in E:\spring boot practice\EmployeeCrud)
04:32:14.208 [main] INFO  c.e.p.e.s.EmployeeServiceImplTest - No active profile set, falling back to 1 default profile: "default"
04:32:26.787 [main] INFO  c.e.p.e.s.EmployeeServiceImplTest - Started EmployeeServiceImplTest in 13.295 seconds (process running for 17.532)
04:33:35.914 [main] INFO  c.e.p.e.s.EmployeeServiceImplTest - Starting EmployeeServiceImplTest using Java 19.0.2 with PID 7996 (started by Saurabh in E:\spring boot practice\EmployeeCrud)
04:33:35.919 [main] INFO  c.e.p.e.s.EmployeeServiceImplTest - No active profile set, falling back to 1 default profile: "default"
04:33:46.593 [main] INFO  c.e.p.e.s.EmployeeServiceImplTest - Started EmployeeServiceImplTest in 11.356 seconds (process running for 14.673)
