00:51:29.776 [main] INFO  c.e.p.e.service.EmployeeServiceImpl - removeEmployee - START
00:51:29.817 [main] INFO  c.e.p.e.service.EmployeeServiceImpl - calling findEmployee...
00:51:29.819 [main] INFO  c.e.p.e.service.EmployeeServiceImpl - findEmployee - START
00:51:29.820 [main] INFO  c.e.p.e.service.EmployeeServiceImpl - calling the repository findByEmployeeId...
00:52:40.357 [main] INFO  c.e.p.e.service.EmployeeServiceImpl - removeEmployee - START
00:52:40.365 [main] INFO  c.e.p.e.service.EmployeeServiceImpl - calling findEmployee...
00:52:40.365 [main] INFO  c.e.p.e.service.EmployeeServiceImpl - findEmployee - START
00:52:40.365 [main] INFO  c.e.p.e.service.EmployeeServiceImpl - calling the repository findByEmployeeId...
00:56:31.889 [main] INFO  c.e.p.e.service.EmployeeServiceImpl - removeEmployee - START
00:56:31.896 [main] INFO  c.e.p.e.service.EmployeeServiceImpl - calling findEmployee...
00:56:31.896 [main] INFO  c.e.p.e.service.EmployeeServiceImpl - findEmployee - START
00:56:31.897 [main] INFO  c.e.p.e.service.EmployeeServiceImpl - calling the repository findByEmployeeId...
00:56:31.905 [main] INFO  c.e.p.e.service.EmployeeServiceImpl - findEmployee - END
00:56:31.906 [main] INFO  c.e.p.e.service.EmployeeServiceImpl - calling deleteById...
00:56:31.907 [main] INFO  c.e.p.e.service.EmployeeServiceImpl - removeEmployee - END
00:58:01.137 [main] INFO  c.e.p.e.service.EmployeeServiceImpl - removeEmployee - START
00:58:01.143 [main] INFO  c.e.p.e.service.EmployeeServiceImpl - calling findEmployee...
00:58:01.143 [main] INFO  c.e.p.e.service.EmployeeServiceImpl - findEmployee - START
00:58:01.144 [main] INFO  c.e.p.e.service.EmployeeServiceImpl - calling the repository findByEmployeeId...
00:58:01.155 [main] INFO  c.e.p.e.service.EmployeeServiceImpl - findEmployee - END
00:58:01.155 [main] INFO  c.e.p.e.service.EmployeeServiceImpl - calling deleteById...
00:58:01.156 [main] INFO  c.e.p.e.service.EmployeeServiceImpl - removeEmployee - END
00:58:01.156 [main] INFO  c.e.p.e.service.EmployeeServiceImpl - findEmployee - START
00:58:01.157 [main] INFO  c.e.p.e.service.EmployeeServiceImpl - calling the repository findByEmployeeId...
00:58:01.158 [main] INFO  c.e.p.e.service.EmployeeServiceImpl - findEmployee - END
00:59:35.030 [main] INFO  c.e.p.e.service.EmployeeServiceImpl - removeEmployee - START
00:59:35.037 [main] INFO  c.e.p.e.service.EmployeeServiceImpl - calling findEmployee...
00:59:35.038 [main] INFO  c.e.p.e.service.EmployeeServiceImpl - findEmployee - START
00:59:35.039 [main] INFO  c.e.p.e.service.EmployeeServiceImpl - calling the repository findByEmployeeId...
00:59:35.060 [main] INFO  c.e.p.e.service.EmployeeServiceImpl - findEmployee - END
00:59:35.060 [main] INFO  c.e.p.e.service.EmployeeServiceImpl - calling deleteById...
00:59:35.062 [main] INFO  c.e.p.e.service.EmployeeServiceImpl - removeEmployee - END
00:59:35.063 [main] INFO  c.e.p.e.service.EmployeeServiceImpl - removeEmployee - START
00:59:35.063 [main] INFO  c.e.p.e.service.EmployeeServiceImpl - calling findEmployee...
00:59:35.063 [main] INFO  c.e.p.e.service.EmployeeServiceImpl - findEmployee - START
00:59:35.063 [main] INFO  c.e.p.e.service.EmployeeServiceImpl - calling the repository findByEmployeeId...
01:02:27.697 [main] INFO  c.e.p.e.service.EmployeeServiceImpl - removeEmployee - START
01:02:27.705 [main] INFO  c.e.p.e.service.EmployeeServiceImpl - calling findEmployee...
01:02:27.706 [main] INFO  c.e.p.e.service.EmployeeServiceImpl - findEmployee - START
01:02:27.707 [main] INFO  c.e.p.e.service.EmployeeServiceImpl - calling the repository findByEmployeeId...
01:06:17.166 [main] INFO  c.e.p.e.service.EmployeeServiceImpl - removeEmployee - START
01:06:17.172 [main] INFO  c.e.p.e.service.EmployeeServiceImpl - calling findEmployee...
01:06:17.172 [main] INFO  c.e.p.e.service.EmployeeServiceImpl - findEmployee - START
01:06:17.173 [main] INFO  c.e.p.e.service.EmployeeServiceImpl - calling the repository findByEmployeeId...
01:06:58.033 [main] INFO  c.e.p.e.service.EmployeeServiceImpl - removeEmployee - START
01:06:58.040 [main] INFO  c.e.p.e.service.EmployeeServiceImpl - calling findEmployee...
01:06:58.040 [main] INFO  c.e.p.e.service.EmployeeServiceImpl - findEmployee - START
01:06:58.041 [main] INFO  c.e.p.e.service.EmployeeServiceImpl - calling the repository findByEmployeeId...
01:07:57.112 [main] INFO  c.e.p.e.service.EmployeeServiceImpl - removeEmployee - START
01:07:57.118 [main] INFO  c.e.p.e.service.EmployeeServiceImpl - calling findEmployee...
01:07:57.119 [main] INFO  c.e.p.e.service.EmployeeServiceImpl - findEmployee - START
01:07:57.120 [main] INFO  c.e.p.e.service.EmployeeServiceImpl - calling the repository findByEmployeeId...
01:11:28.270 [main] INFO  c.e.p.e.service.EmployeeServiceImpl - removeEmployee - START
01:11:28.276 [main] INFO  c.e.p.e.service.EmployeeServiceImpl - calling findEmployee...
01:11:28.276 [main] INFO  c.e.p.e.service.EmployeeServiceImpl - findEmployee - START
01:11:28.277 [main] INFO  c.e.p.e.service.EmployeeServiceImpl - calling the repository findByEmployeeId...
01:12:40.435 [main] INFO  c.e.p.e.service.EmployeeServiceImpl - removeEmployee - START
01:12:40.439 [main] INFO  c.e.p.e.service.EmployeeServiceImpl - calling findEmployee...
01:12:40.440 [main] INFO  c.e.p.e.service.EmployeeServiceImpl - findEmployee - START
01:12:40.440 [main] INFO  c.e.p.e.service.EmployeeServiceImpl - calling the repository findByEmployeeId...
01:12:40.491 [main] INFO  c.e.p.e.service.EmployeeServiceImpl - removeEmployee - START
01:12:40.491 [main] INFO  c.e.p.e.service.EmployeeServiceImpl - calling findEmployee...
01:12:40.491 [main] INFO  c.e.p.e.service.EmployeeServiceImpl - findEmployee - START
01:12:40.491 [main] INFO  c.e.p.e.service.EmployeeServiceImpl - calling the repository findByEmployeeId...
01:12:40.493 [main] INFO  c.e.p.e.service.EmployeeServiceImpl - findEmployee - END
01:12:40.494 [main] INFO  c.e.p.e.service.EmployeeServiceImpl - calling deleteById...
01:12:40.496 [main] INFO  c.e.p.e.service.EmployeeServiceImpl - removeEmployee - END
01:12:40.496 [main] INFO  c.e.p.e.service.EmployeeServiceImpl - removeEmployee - START
01:12:40.497 [main] INFO  c.e.p.e.service.EmployeeServiceImpl - calling findEmployee...
01:12:40.497 [main] INFO  c.e.p.e.service.EmployeeServiceImpl - findEmployee - START
01:12:40.498 [main] INFO  c.e.p.e.service.EmployeeServiceImpl - calling the repository findByEmployeeId...
01:13:29.380 [main] INFO  c.e.p.e.service.EmployeeServiceImpl - removeEmployee - START
01:13:29.386 [main] INFO  c.e.p.e.service.EmployeeServiceImpl - calling findEmployee...
01:13:29.386 [main] INFO  c.e.p.e.service.EmployeeServiceImpl - findEmployee - START
01:13:29.387 [main] INFO  c.e.p.e.service.EmployeeServiceImpl - calling the repository findByEmployeeId...
01:13:29.433 [main] INFO  c.e.p.e.service.EmployeeServiceImpl - removeEmployee - START
01:13:29.433 [main] INFO  c.e.p.e.service.EmployeeServiceImpl - calling findEmployee...
01:13:29.433 [main] INFO  c.e.p.e.service.EmployeeServiceImpl - findEmployee - START
01:13:29.433 [main] INFO  c.e.p.e.service.EmployeeServiceImpl - calling the repository findByEmployeeId...
01:13:29.435 [main] INFO  c.e.p.e.service.EmployeeServiceImpl - findEmployee - END
01:13:29.435 [main] INFO  c.e.p.e.service.EmployeeServiceImpl - calling deleteById...
01:13:29.436 [main] INFO  c.e.p.e.service.EmployeeServiceImpl - removeEmployee - END
01:13:29.437 [main] INFO  c.e.p.e.service.EmployeeServiceImpl - removeEmployee - START
01:13:29.437 [main] INFO  c.e.p.e.service.EmployeeServiceImpl - calling findEmployee...
01:13:29.437 [main] INFO  c.e.p.e.service.EmployeeServiceImpl - findEmployee - START
01:13:29.437 [main] INFO  c.e.p.e.service.EmployeeServiceImpl - calling the repository findByEmployeeId...
01:14:19.537 [main] INFO  c.e.p.e.service.EmployeeServiceImpl - removeEmployee - START
01:14:19.542 [main] INFO  c.e.p.e.service.EmployeeServiceImpl - calling findEmployee...
01:14:19.543 [main] INFO  c.e.p.e.service.EmployeeServiceImpl - findEmployee - START
01:14:19.543 [main] INFO  c.e.p.e.service.EmployeeServiceImpl - calling the repository findByEmployeeId...
01:14:19.553 [main] INFO  c.e.p.e.service.EmployeeServiceImpl - findEmployee - END
01:14:19.553 [main] INFO  c.e.p.e.service.EmployeeServiceImpl - calling deleteById...
01:14:19.554 [main] INFO  c.e.p.e.service.EmployeeServiceImpl - removeEmployee - END
01:14:19.555 [main] INFO  c.e.p.e.service.EmployeeServiceImpl - findEmployee - START
01:14:19.555 [main] INFO  c.e.p.e.service.EmployeeServiceImpl - calling the repository findByEmployeeId...
01:14:19.557 [main] INFO  c.e.p.e.service.EmployeeServiceImpl - findEmployee - END
01:39:31.299 [main] INFO  c.e.p.e.service.EmployeeServiceImpl - addEmployee - START
01:39:31.310 [main] INFO  c.e.p.e.service.EmployeeServiceImpl - calling the repository save method...
01:39:31.321 [main] INFO  c.e.p.e.service.EmployeeServiceImpl - addEmployee - END
01:39:31.350 [main] INFO  c.e.p.e.service.EmployeeServiceImpl - addEmployee - START
01:39:31.352 [main] INFO  c.e.p.e.service.EmployeeServiceImpl - calling the repository save method...
01:41:02.235 [main] INFO  c.e.p.e.service.EmployeeServiceImpl - addEmployee - START
01:41:02.241 [main] INFO  c.e.p.e.service.EmployeeServiceImpl - calling the repository save method...
01:41:02.251 [main] INFO  c.e.p.e.service.EmployeeServiceImpl - addEmployee - END
01:41:02.277 [main] INFO  c.e.p.e.service.EmployeeServiceImpl - addEmployee - START
01:41:02.278 [main] INFO  c.e.p.e.service.EmployeeServiceImpl - calling the repository save method...
01:41:02.281 [main] INFO  c.e.p.e.service.EmployeeServiceImpl - addEmployee - END
01:42:40.950 [main] INFO  c.e.p.e.service.EmployeeServiceImpl - addEmployee - START
01:42:40.956 [main] INFO  c.e.p.e.service.EmployeeServiceImpl - calling the repository save method...
01:42:40.965 [main] INFO  c.e.p.e.service.EmployeeServiceImpl - addEmployee - END
01:42:40.988 [main] INFO  c.e.p.e.service.EmployeeServiceImpl - addEmployee - START
01:42:40.989 [main] INFO  c.e.p.e.service.EmployeeServiceImpl - calling the repository save method...
01:42:40.993 [main] INFO  c.e.p.e.service.EmployeeServiceImpl - addEmployee - END
01:43:09.246 [main] INFO  c.e.p.e.service.EmployeeServiceImpl - addEmployee - START
01:43:09.262 [main] INFO  c.e.p.e.service.EmployeeServiceImpl - calling the repository save method...
01:43:09.275 [main] INFO  c.e.p.e.service.EmployeeServiceImpl - addEmployee - END
01:43:09.305 [main] INFO  c.e.p.e.service.EmployeeServiceImpl - addEmployee - START
01:43:09.305 [main] INFO  c.e.p.e.service.EmployeeServiceImpl - calling the repository save method...
01:43:09.309 [main] INFO  c.e.p.e.service.EmployeeServiceImpl - addEmployee - END
01:47:02.041 [main] INFO  c.e.p.e.service.EmployeeServiceImpl - addEmployee - START
01:47:02.048 [main] INFO  c.e.p.e.service.EmployeeServiceImpl - calling the repository save method...
01:47:02.058 [main] INFO  c.e.p.e.service.EmployeeServiceImpl - addEmployee - END
01:47:02.086 [main] INFO  c.e.p.e.service.EmployeeServiceImpl - addEmployee - START
01:47:02.086 [main] INFO  c.e.p.e.service.EmployeeServiceImpl - calling the repository save method...
01:47:02.092 [main] INFO  c.e.p.e.service.EmployeeServiceImpl - addEmployee - END
01:47:55.422 [main] INFO  c.e.p.e.service.EmployeeServiceImpl - addEmployee - START
01:47:55.445 [main] INFO  c.e.p.e.service.EmployeeServiceImpl - calling the repository save method...
01:47:55.457 [main] INFO  c.e.p.e.service.EmployeeServiceImpl - addEmployee - END
01:47:55.488 [main] INFO  c.e.p.e.service.EmployeeServiceImpl - addEmployee - START
01:47:55.488 [main] INFO  c.e.p.e.service.EmployeeServiceImpl - calling the repository save method...
01:47:55.491 [main] INFO  c.e.p.e.service.EmployeeServiceImpl - addEmployee - END
