18:35:47.474 [restartedMain] INFO  c.e.p.e.EmployeeCrudApplication - Started EmployeeCrudApplication in 1.546 seconds (process running for 1020.935)
18:36:50.004 [restartedMain] INFO  c.e.p.e.EmployeeCrudApplication - Starting EmployeeCrudApplication using Java 19.0.2 with PID 13976 (E:\spring boot practice\EmployeeCrud\target\classes started by Saurabh in E:\spring boot practice\EmployeeCrud)
18:36:50.004 [restartedMain] INFO  c.e.p.e.EmployeeCrudApplication - No active profile set, falling back to 1 default profile: "default"
18:36:51.081 [restartedMain] INFO  c.e.p.e.EmployeeCrudApplication - Started EmployeeCrudApplication in 1.132 seconds (process running for 1084.542)
18:36:55.750 [restartedMain] INFO  c.e.p.e.EmployeeCrudApplication - Starting EmployeeCrudApplication using Java 19.0.2 with PID 13976 (E:\spring boot practice\EmployeeCrud\target\classes started by Saurabh in E:\spring boot practice\EmployeeCrud)
18:36:55.779 [restartedMain] INFO  c.e.p.e.EmployeeCrudApplication - No active profile set, falling back to 1 default profile: "default"
18:36:56.732 [restartedMain] INFO  c.e.p.e.EmployeeCrudApplication - Started EmployeeCrudApplication in 1.028 seconds (process running for 1090.193)
01:24:23.657 [restartedMain] INFO  c.e.p.e.EmployeeCrudApplication - Starting EmployeeCrudApplication using Java 19.0.2 with PID 8816 (E:\spring boot practice\EmployeeCrud\target\classes started by Saurabh in E:\spring boot practice\EmployeeCrud)
01:24:23.669 [restartedMain] INFO  c.e.p.e.EmployeeCrudApplication - No active profile set, falling back to 1 default profile: "default"
01:26:12.896 [restartedMain] INFO  c.e.p.e.EmployeeCrudApplication - Starting EmployeeCrudApplication using Java 19.0.2 with PID 16348 (E:\spring boot practice\EmployeeCrud\target\classes started by Saurabh in E:\spring boot practice\EmployeeCrud)
01:26:12.903 [restartedMain] INFO  c.e.p.e.EmployeeCrudApplication - No active profile set, falling back to 1 default profile: "default"
01:26:24.211 [restartedMain] INFO  c.e.p.e.EmployeeCrudApplication - Started EmployeeCrudApplication in 12.222 seconds (process running for 14.146)
01:26:34.687 [http-nio-7777-exec-1] INFO  c.e.p.e.c.EmployeeController - retrieveEmployeeByPathVariable - START
01:26:34.687 [http-nio-7777-exec-1] INFO  c.e.p.e.c.EmployeeController - Calling findEmployee method...
01:26:34.706 [http-nio-7777-exec-1] INFO  c.e.p.e.service.EmployeeServiceImpl - findEmployee - START
01:26:34.707 [http-nio-7777-exec-1] INFO  c.e.p.e.service.EmployeeServiceImpl - calling the repository findByEmployeeId...
01:26:35.048 [http-nio-7777-exec-1] INFO  c.e.p.e.service.EmployeeServiceImpl - findEmployee - END
01:26:35.077 [http-nio-7777-exec-1] INFO  c.e.p.e.c.EmployeeController - retrieveEmployeeByPathVariable - END
01:27:08.083 [main] INFO  c.e.p.e.r.EmployeeRepositoryTest - Starting EmployeeRepositoryTest using Java 19.0.2 with PID 6172 (started by Saurabh in E:\spring boot practice\EmployeeCrud)
01:27:08.089 [main] INFO  c.e.p.e.r.EmployeeRepositoryTest - No active profile set, falling back to 1 default profile: "default"
01:27:18.170 [main] INFO  c.e.p.e.r.EmployeeRepositoryTest - Started EmployeeRepositoryTest in 10.691 seconds (process running for 14.282)
01:28:29.422 [restartedMain] INFO  c.e.p.e.EmployeeCrudApplication - Starting EmployeeCrudApplication using Java 19.0.2 with PID 16348 (E:\spring boot practice\EmployeeCrud\target\classes started by Saurabh in E:\spring boot practice\EmployeeCrud)
01:28:29.423 [restartedMain] INFO  c.e.p.e.EmployeeCrudApplication - No active profile set, falling back to 1 default profile: "default"
01:28:38.277 [restartedMain] INFO  c.e.p.e.EmployeeCrudApplication - Starting EmployeeCrudApplication using Java 19.0.2 with PID 16348 (E:\spring boot practice\EmployeeCrud\target\classes started by Saurabh in E:\spring boot practice\EmployeeCrud)
01:28:38.278 [restartedMain] INFO  c.e.p.e.EmployeeCrudApplication - No active profile set, falling back to 1 default profile: "default"
01:30:41.209 [main] INFO  c.e.p.e.r.EmployeeRepositoryTest - Starting EmployeeRepositoryTest using Java 19.0.2 with PID 12412 (started by Saurabh in E:\spring boot practice\EmployeeCrud)
01:30:41.214 [main] INFO  c.e.p.e.r.EmployeeRepositoryTest - No active profile set, falling back to 1 default profile: "default"
01:31:28.690 [restartedMain] INFO  c.e.p.e.EmployeeCrudApplication - Starting EmployeeCrudApplication using Java 19.0.2 with PID 6356 (E:\spring boot practice\EmployeeCrud\target\classes started by Saurabh in E:\spring boot practice\EmployeeCrud)
01:31:28.742 [restartedMain] INFO  c.e.p.e.EmployeeCrudApplication - No active profile set, falling back to 1 default profile: "default"
01:31:55.414 [restartedMain] INFO  c.e.p.e.EmployeeCrudApplication - Starting EmployeeCrudApplication using Java 19.0.2 with PID 12476 (E:\spring boot practice\EmployeeCrud\target\classes started by Saurabh in E:\spring boot practice\EmployeeCrud)
01:31:55.424 [restartedMain] INFO  c.e.p.e.EmployeeCrudApplication - No active profile set, falling back to 1 default profile: "default"
01:32:40.991 [restartedMain] INFO  c.e.p.e.EmployeeCrudApplication - Starting EmployeeCrudApplication using Java 19.0.2 with PID 13848 (E:\spring boot practice\EmployeeCrud\target\classes started by Saurabh in E:\spring boot practice\EmployeeCrud)
01:32:41.001 [restartedMain] INFO  c.e.p.e.EmployeeCrudApplication - No active profile set, falling back to 1 default profile: "default"
01:34:35.626 [main] INFO  c.e.p.e.r.EmployeeRepositoryTest - Starting EmployeeRepositoryTest using Java 19.0.2 with PID 10832 (started by Saurabh in E:\spring boot practice\EmployeeCrud)
01:34:35.634 [main] INFO  c.e.p.e.r.EmployeeRepositoryTest - No active profile set, falling back to 1 default profile: "default"
01:35:43.425 [restartedMain] INFO  c.e.p.e.EmployeeCrudApplication - Starting EmployeeCrudApplication using Java 19.0.2 with PID 13128 (E:\spring boot practice\EmployeeCrud\target\classes started by Saurabh in E:\spring boot practice\EmployeeCrud)
01:35:43.437 [restartedMain] INFO  c.e.p.e.EmployeeCrudApplication - No active profile set, falling back to 1 default profile: "default"
01:35:55.790 [restartedMain] INFO  c.e.p.e.EmployeeCrudApplication - Started EmployeeCrudApplication in 13.343 seconds (process running for 15.53)
01:36:13.688 [main] INFO  c.e.p.e.r.EmployeeRepositoryTest - Starting EmployeeRepositoryTest using Java 19.0.2 with PID 2156 (started by Saurabh in E:\spring boot practice\EmployeeCrud)
01:36:13.693 [main] INFO  c.e.p.e.r.EmployeeRepositoryTest - No active profile set, falling back to 1 default profile: "default"
01:36:24.629 [main] INFO  c.e.p.e.r.EmployeeRepositoryTest - Started EmployeeRepositoryTest in 11.519 seconds (process running for 14.89)
01:36:53.894 [restartedMain] INFO  c.e.p.e.EmployeeCrudApplication - Starting EmployeeCrudApplication using Java 19.0.2 with PID 13128 (E:\spring boot practice\EmployeeCrud\target\classes started by Saurabh in E:\spring boot practice\EmployeeCrud)
01:36:53.895 [restartedMain] INFO  c.e.p.e.EmployeeCrudApplication - No active profile set, falling back to 1 default profile: "default"
01:37:00.156 [restartedMain] INFO  c.e.p.e.EmployeeCrudApplication - Starting EmployeeCrudApplication using Java 19.0.2 with PID 13128 (E:\spring boot practice\EmployeeCrud\target\classes started by Saurabh in E:\spring boot practice\EmployeeCrud)
01:37:00.157 [restartedMain] INFO  c.e.p.e.EmployeeCrudApplication - No active profile set, falling back to 1 default profile: "default"
01:37:23.013 [restartedMain] INFO  c.e.p.e.EmployeeCrudApplication - Starting EmployeeCrudApplication using Java 19.0.2 with PID 13148 (E:\spring boot practice\EmployeeCrud\target\classes started by Saurabh in E:\spring boot practice\EmployeeCrud)
01:37:23.023 [restartedMain] INFO  c.e.p.e.EmployeeCrudApplication - No active profile set, falling back to 1 default profile: "default"
01:38:07.374 [restartedMain] INFO  c.e.p.e.EmployeeCrudApplication - Starting EmployeeCrudApplication using Java 19.0.2 with PID 8128 (E:\spring boot practice\EmployeeCrud\target\classes started by Saurabh in E:\spring boot practice\EmployeeCrud)
01:38:07.391 [restartedMain] INFO  c.e.p.e.EmployeeCrudApplication - No active profile set, falling back to 1 default profile: "default"
01:40:48.969 [restartedMain] INFO  c.e.p.e.EmployeeCrudApplication - Starting EmployeeCrudApplication using Java 19.0.2 with PID 7560 (E:\spring boot practice\EmployeeCrud\target\classes started by Saurabh in E:\spring boot practice\EmployeeCrud)
01:40:48.978 [restartedMain] INFO  c.e.p.e.EmployeeCrudApplication - No active profile set, falling back to 1 default profile: "default"
01:44:57.864 [restartedMain] INFO  c.e.p.e.EmployeeCrudApplication - Starting EmployeeCrudApplication using Java 19.0.2 with PID 7888 (E:\spring boot practice\EmployeeCrud\target\classes started by Saurabh in E:\spring boot practice\EmployeeCrud)
01:44:57.876 [restartedMain] INFO  c.e.p.e.EmployeeCrudApplication - No active profile set, falling back to 1 default profile: "default"
01:48:21.138 [restartedMain] INFO  c.e.p.e.EmployeeCrudApplication - Starting EmployeeCrudApplication using Java 19.0.2 with PID 11976 (E:\spring boot practice\EmployeeCrud\target\classes started by Saurabh in E:\spring boot practice\EmployeeCrud)
01:48:21.152 [restartedMain] INFO  c.e.p.e.EmployeeCrudApplication - No active profile set, falling back to 1 default profile: "default"
01:50:11.253 [restartedMain] INFO  c.e.p.e.EmployeeCrudApplication - Starting EmployeeCrudApplication using Java 19.0.2 with PID 9788 (E:\spring boot practice\EmployeeCrud\target\classes started by Saurabh in E:\spring boot practice\EmployeeCrud)
01:50:11.260 [restartedMain] INFO  c.e.p.e.EmployeeCrudApplication - No active profile set, falling back to 1 default profile: "default"
01:54:07.199 [restartedMain] INFO  c.e.p.e.EmployeeCrudApplication - Starting EmployeeCrudApplication using Java 19.0.2 with PID 12652 (E:\spring boot practice\EmployeeCrud\target\classes started by Saurabh in E:\spring boot practice\EmployeeCrud)
01:54:07.210 [restartedMain] INFO  c.e.p.e.EmployeeCrudApplication - No active profile set, falling back to 1 default profile: "default"
01:56:10.252 [restartedMain] INFO  c.e.p.e.EmployeeCrudApplication - Starting EmployeeCrudApplication using Java 19.0.2 with PID 9944 (E:\spring boot practice\EmployeeCrud\target\classes started by Saurabh in E:\spring boot practice\EmployeeCrud)
01:56:10.278 [restartedMain] INFO  c.e.p.e.EmployeeCrudApplication - No active profile set, falling back to 1 default profile: "default"
01:56:21.372 [restartedMain] INFO  c.e.p.e.EmployeeCrudApplication - Started EmployeeCrudApplication in 12.042 seconds (process running for 14.209)
01:57:54.744 [restartedMain] INFO  c.e.p.e.EmployeeCrudApplication - Starting EmployeeCrudApplication using Java 19.0.2 with PID 9944 (E:\spring boot practice\EmployeeCrud\target\classes started by Saurabh in E:\spring boot practice\EmployeeCrud)
01:57:54.745 [restartedMain] INFO  c.e.p.e.EmployeeCrudApplication - No active profile set, falling back to 1 default profile: "default"
01:58:00.889 [restartedMain] INFO  c.e.p.e.EmployeeCrudApplication - Starting EmployeeCrudApplication using Java 19.0.2 with PID 9944 (E:\spring boot practice\EmployeeCrud\target\classes started by Saurabh in E:\spring boot practice\EmployeeCrud)
01:58:00.890 [restartedMain] INFO  c.e.p.e.EmployeeCrudApplication - No active profile set, falling back to 1 default profile: "default"
01:59:11.296 [restartedMain] INFO  c.e.p.e.EmployeeCrudApplication - Starting EmployeeCrudApplication using Java 19.0.2 with PID 9944 (E:\spring boot practice\EmployeeCrud\target\classes started by Saurabh in E:\spring boot practice\EmployeeCrud)
01:59:11.299 [restartedMain] INFO  c.e.p.e.EmployeeCrudApplication - No active profile set, falling back to 1 default profile: "default"
01:59:18.337 [restartedMain] INFO  c.e.p.e.EmployeeCrudApplication - Starting EmployeeCrudApplication using Java 19.0.2 with PID 9944 (E:\spring boot practice\EmployeeCrud\target\classes started by Saurabh in E:\spring boot practice\EmployeeCrud)
01:59:18.338 [restartedMain] INFO  c.e.p.e.EmployeeCrudApplication - No active profile set, falling back to 1 default profile: "default"
02:01:40.539 [restartedMain] INFO  c.e.p.e.EmployeeCrudApplication - Starting EmployeeCrudApplication using Java 19.0.2 with PID 9944 (E:\spring boot practice\EmployeeCrud\target\classes started by Saurabh in E:\spring boot practice\EmployeeCrud)
02:01:40.539 [restartedMain] INFO  c.e.p.e.EmployeeCrudApplication - No active profile set, falling back to 1 default profile: "default"
02:01:45.980 [restartedMain] INFO  c.e.p.e.EmployeeCrudApplication - Starting EmployeeCrudApplication using Java 19.0.2 with PID 9944 (E:\spring boot practice\EmployeeCrud\target\classes started by Saurabh in E:\spring boot practice\EmployeeCrud)
02:01:45.981 [restartedMain] INFO  c.e.p.e.EmployeeCrudApplication - No active profile set, falling back to 1 default profile: "default"
02:02:27.142 [restartedMain] INFO  c.e.p.e.EmployeeCrudApplication - Starting EmployeeCrudApplication using Java 19.0.2 with PID 7736 (E:\spring boot practice\EmployeeCrud\target\classes started by Saurabh in E:\spring boot practice\EmployeeCrud)
02:02:27.151 [restartedMain] INFO  c.e.p.e.EmployeeCrudApplication - No active profile set, falling back to 1 default profile: "default"
02:03:15.978 [restartedMain] INFO  c.e.p.e.EmployeeCrudApplication - Starting EmployeeCrudApplication using Java 19.0.2 with PID 13252 (E:\spring boot practice\EmployeeCrud\target\classes started by Saurabh in E:\spring boot practice\EmployeeCrud)
02:03:15.986 [restartedMain] INFO  c.e.p.e.EmployeeCrudApplication - No active profile set, falling back to 1 default profile: "default"
02:04:09.415 [restartedMain] INFO  c.e.p.e.EmployeeCrudApplication - Starting EmployeeCrudApplication using Java 19.0.2 with PID 15036 (E:\spring boot practice\EmployeeCrud\target\classes started by Saurabh in E:\spring boot practice\EmployeeCrud)
02:04:09.425 [restartedMain] INFO  c.e.p.e.EmployeeCrudApplication - No active profile set, falling back to 1 default profile: "default"
02:04:20.262 [restartedMain] INFO  c.e.p.e.EmployeeCrudApplication - Started EmployeeCrudApplication in 11.717 seconds (process running for 13.618)
02:06:21.061 [restartedMain] INFO  c.e.p.e.EmployeeCrudApplication - Starting EmployeeCrudApplication using Java 19.0.2 with PID 2656 (E:\spring boot practice\EmployeeCrud\target\classes started by Saurabh in E:\spring boot practice\EmployeeCrud)
02:06:21.070 [restartedMain] INFO  c.e.p.e.EmployeeCrudApplication - No active profile set, falling back to 1 default profile: "default"
02:06:32.433 [restartedMain] INFO  c.e.p.e.EmployeeCrudApplication - Started EmployeeCrudApplication in 12.401 seconds (process running for 14.534)
02:07:01.420 [restartedMain] INFO  c.e.p.e.EmployeeCrudApplication - Starting EmployeeCrudApplication using Java 19.0.2 with PID 4592 (E:\spring boot practice\EmployeeCrud\target\classes started by Saurabh in E:\spring boot practice\EmployeeCrud)
02:07:01.428 [restartedMain] INFO  c.e.p.e.EmployeeCrudApplication - No active profile set, falling back to 1 default profile: "default"
02:07:13.266 [restartedMain] INFO  c.e.p.e.EmployeeCrudApplication - Started EmployeeCrudApplication in 12.823 seconds (process running for 14.922)
02:07:33.249 [main] INFO  c.e.p.e.r.EmployeeRepositoryTest - Starting EmployeeRepositoryTest using Java 19.0.2 with PID 15908 (started by Saurabh in E:\spring boot practice\EmployeeCrud)
02:07:33.254 [main] INFO  c.e.p.e.r.EmployeeRepositoryTest - No active profile set, falling back to 1 default profile: "default"
02:07:43.138 [main] INFO  c.e.p.e.r.EmployeeRepositoryTest - Started EmployeeRepositoryTest in 10.477 seconds (process running for 13.871)
02:08:13.218 [restartedMain] INFO  c.e.p.e.EmployeeCrudApplication - Starting EmployeeCrudApplication using Java 19.0.2 with PID 4592 (E:\spring boot practice\EmployeeCrud\target\classes started by Saurabh in E:\spring boot practice\EmployeeCrud)
02:08:13.219 [restartedMain] INFO  c.e.p.e.EmployeeCrudApplication - No active profile set, falling back to 1 default profile: "default"
02:08:20.134 [restartedMain] INFO  c.e.p.e.EmployeeCrudApplication - Starting EmployeeCrudApplication using Java 19.0.2 with PID 4592 (E:\spring boot practice\EmployeeCrud\target\classes started by Saurabh in E:\spring boot practice\EmployeeCrud)
02:08:20.135 [restartedMain] INFO  c.e.p.e.EmployeeCrudApplication - No active profile set, falling back to 1 default profile: "default"
02:08:22.535 [restartedMain] INFO  c.e.p.e.EmployeeCrudApplication - Started EmployeeCrudApplication in 2.618 seconds (process running for 84.19)
02:08:49.851 [restartedMain] INFO  c.e.p.e.EmployeeCrudApplication - Starting EmployeeCrudApplication using Java 19.0.2 with PID 4592 (E:\spring boot practice\EmployeeCrud\target\classes started by Saurabh in E:\spring boot practice\EmployeeCrud)
02:08:49.851 [restartedMain] INFO  c.e.p.e.EmployeeCrudApplication - No active profile set, falling back to 1 default profile: "default"
02:08:57.260 [restartedMain] INFO  c.e.p.e.EmployeeCrudApplication - Starting EmployeeCrudApplication using Java 19.0.2 with PID 4592 (E:\spring boot practice\EmployeeCrud\target\classes started by Saurabh in E:\spring boot practice\EmployeeCrud)
02:08:57.261 [restartedMain] INFO  c.e.p.e.EmployeeCrudApplication - No active profile set, falling back to 1 default profile: "default"
02:08:59.435 [restartedMain] INFO  c.e.p.e.EmployeeCrudApplication - Started EmployeeCrudApplication in 2.211 seconds (process running for 121.09)
02:10:25.835 [restartedMain] INFO  c.e.p.e.EmployeeCrudApplication - Starting EmployeeCrudApplication using Java 19.0.2 with PID 4592 (E:\spring boot practice\EmployeeCrud\target\classes started by Saurabh in E:\spring boot practice\EmployeeCrud)
02:10:25.835 [restartedMain] INFO  c.e.p.e.EmployeeCrudApplication - No active profile set, falling back to 1 default profile: "default"
02:10:32.728 [restartedMain] INFO  c.e.p.e.EmployeeCrudApplication - Starting EmployeeCrudApplication using Java 19.0.2 with PID 4592 (E:\spring boot practice\EmployeeCrud\target\classes started by Saurabh in E:\spring boot practice\EmployeeCrud)
02:10:32.729 [restartedMain] INFO  c.e.p.e.EmployeeCrudApplication - No active profile set, falling back to 1 default profile: "default"
02:11:14.397 [restartedMain] INFO  c.e.p.e.EmployeeCrudApplication - Starting EmployeeCrudApplication using Java 19.0.2 with PID 4592 (E:\spring boot practice\EmployeeCrud\target\classes started by Saurabh in E:\spring boot practice\EmployeeCrud)
02:11:14.398 [restartedMain] INFO  c.e.p.e.EmployeeCrudApplication - No active profile set, falling back to 1 default profile: "default"
02:11:20.898 [restartedMain] INFO  c.e.p.e.EmployeeCrudApplication - Starting EmployeeCrudApplication using Java 19.0.2 with PID 4592 (E:\spring boot practice\EmployeeCrud\target\classes started by Saurabh in E:\spring boot practice\EmployeeCrud)
02:11:20.898 [restartedMain] INFO  c.e.p.e.EmployeeCrudApplication - No active profile set, falling back to 1 default profile: "default"
02:11:22.916 [restartedMain] INFO  c.e.p.e.EmployeeCrudApplication - Started EmployeeCrudApplication in 2.116 seconds (process running for 264.572)
02:13:16.704 [http-nio-7777-exec-2] INFO  c.e.p.e.c.EmployeeController - addNewEmployee - START
02:13:16.704 [http-nio-7777-exec-2] INFO  c.e.p.e.c.EmployeeController - calling addEmployee method...
02:13:16.721 [http-nio-7777-exec-2] INFO  c.e.p.e.service.EmployeeServiceImpl - addEmployee - START
02:13:16.721 [http-nio-7777-exec-2] INFO  c.e.p.e.service.EmployeeServiceImpl - calling the repository save method...
02:13:17.058 [http-nio-7777-exec-2] INFO  c.e.p.e.service.EmployeeServiceImpl - addEmployee - END
02:13:17.331 [http-nio-7777-exec-2] INFO  c.e.p.e.c.EmployeeController - addNewEmployee - END
02:14:16.086 [main] INFO  c.e.p.e.r.EmployeeRepositoryTest - Starting EmployeeRepositoryTest using Java 19.0.2 with PID 2508 (started by Saurabh in E:\spring boot practice\EmployeeCrud)
02:14:16.091 [main] INFO  c.e.p.e.r.EmployeeRepositoryTest - No active profile set, falling back to 1 default profile: "default"
02:14:27.719 [main] INFO  c.e.p.e.r.EmployeeRepositoryTest - Started EmployeeRepositoryTest in 12.254 seconds (process running for 15.901)
02:14:57.894 [main] INFO  c.e.p.e.r.EmployeeRepositoryTest - Starting EmployeeRepositoryTest using Java 19.0.2 with PID 15832 (started by Saurabh in E:\spring boot practice\EmployeeCrud)
02:14:57.899 [main] INFO  c.e.p.e.r.EmployeeRepositoryTest - No active profile set, falling back to 1 default profile: "default"
02:15:09.770 [main] INFO  c.e.p.e.r.EmployeeRepositoryTest - Started EmployeeRepositoryTest in 12.47 seconds (process running for 15.942)
02:22:50.525 [main] INFO  c.e.p.e.r.EmployeeRepositoryTest - Starting EmployeeRepositoryTest using Java 19.0.2 with PID 15580 (started by Saurabh in E:\spring boot practice\EmployeeCrud)
02:22:50.531 [main] INFO  c.e.p.e.r.EmployeeRepositoryTest - No active profile set, falling back to 1 default profile: "default"
02:39:30.861 [restartedMain] INFO  c.e.p.e.EmployeeCrudApplication - Starting EmployeeCrudApplication using Java 19.0.2 with PID 7884 (E:\spring boot practice\EmployeeCrud\target\classes started by Saurabh in E:\spring boot practice\EmployeeCrud)
02:39:30.893 [restartedMain] INFO  c.e.p.e.EmployeeCrudApplication - No active profile set, falling back to 1 default profile: "default"
02:39:50.070 [restartedMain] INFO  c.e.p.e.EmployeeCrudApplication - Started EmployeeCrudApplication in 20.555 seconds (process running for 22.925)
02:40:17.997 [http-nio-7777-exec-1] INFO  c.e.p.e.c.EmployeeController - addNewEmployee - START
02:40:17.997 [http-nio-7777-exec-1] INFO  c.e.p.e.c.EmployeeController - calling addEmployee method...
02:40:18.013 [http-nio-7777-exec-1] INFO  c.e.p.e.service.EmployeeServiceImpl - addEmployee - START
02:40:18.014 [http-nio-7777-exec-1] INFO  c.e.p.e.service.EmployeeServiceImpl - calling the repository save method...
02:40:18.271 [http-nio-7777-exec-1] INFO  c.e.p.e.service.EmployeeServiceImpl - addEmployee - END
02:40:18.469 [http-nio-7777-exec-1] INFO  c.e.p.e.c.EmployeeController - addNewEmployee - END
02:40:41.277 [http-nio-7777-exec-4] INFO  c.e.p.e.c.EmployeeController - addNewEmployee - START
02:40:41.277 [http-nio-7777-exec-4] INFO  c.e.p.e.c.EmployeeController - calling addEmployee method...
02:40:41.280 [http-nio-7777-exec-4] INFO  c.e.p.e.service.EmployeeServiceImpl - addEmployee - START
02:40:41.280 [http-nio-7777-exec-4] INFO  c.e.p.e.service.EmployeeServiceImpl - calling the repository save method...
02:40:41.358 [http-nio-7777-exec-4] INFO  c.e.p.e.service.EmployeeServiceImpl - addEmployee - END
02:40:41.526 [http-nio-7777-exec-4] INFO  c.e.p.e.c.EmployeeController - addNewEmployee - END
02:42:56.157 [restartedMain] INFO  c.e.p.e.EmployeeCrudApplication - Starting EmployeeCrudApplication using Java 19.0.2 with PID 7884 (E:\spring boot practice\EmployeeCrud\target\classes started by Saurabh in E:\spring boot practice\EmployeeCrud)
02:42:56.158 [restartedMain] INFO  c.e.p.e.EmployeeCrudApplication - No active profile set, falling back to 1 default profile: "default"
02:42:59.890 [restartedMain] INFO  c.e.p.e.EmployeeCrudApplication - Started EmployeeCrudApplication in 4.146 seconds (process running for 212.745)
02:43:14.025 [restartedMain] INFO  c.e.p.e.EmployeeCrudApplication - Starting EmployeeCrudApplication using Java 19.0.2 with PID 7884 (E:\spring boot practice\EmployeeCrud\target\classes started by Saurabh in E:\spring boot practice\EmployeeCrud)
02:43:14.026 [restartedMain] INFO  c.e.p.e.EmployeeCrudApplication - No active profile set, falling back to 1 default profile: "default"
02:43:16.153 [restartedMain] INFO  c.e.p.e.EmployeeCrudApplication - Started EmployeeCrudApplication in 2.567 seconds (process running for 229.008)
02:43:20.889 [restartedMain] INFO  c.e.p.e.EmployeeCrudApplication - Starting EmployeeCrudApplication using Java 19.0.2 with PID 7884 (E:\spring boot practice\EmployeeCrud\target\classes started by Saurabh in E:\spring boot practice\EmployeeCrud)
02:43:20.890 [restartedMain] INFO  c.e.p.e.EmployeeCrudApplication - No active profile set, falling back to 1 default profile: "default"
02:43:29.263 [restartedMain] INFO  c.e.p.e.EmployeeCrudApplication - Starting EmployeeCrudApplication using Java 19.0.2 with PID 7884 (E:\spring boot practice\EmployeeCrud\target\classes started by Saurabh in E:\spring boot practice\EmployeeCrud)
02:43:29.263 [restartedMain] INFO  c.e.p.e.EmployeeCrudApplication - No active profile set, falling back to 1 default profile: "default"
02:43:33.662 [restartedMain] INFO  c.e.p.e.EmployeeCrudApplication - Started EmployeeCrudApplication in 4.456 seconds (process running for 246.517)
02:43:59.509 [restartedMain] INFO  c.e.p.e.EmployeeCrudApplication - Starting EmployeeCrudApplication using Java 19.0.2 with PID 6540 (E:\spring boot practice\EmployeeCrud\target\classes started by Saurabh in E:\spring boot practice\EmployeeCrud)
02:43:59.522 [restartedMain] INFO  c.e.p.e.EmployeeCrudApplication - No active profile set, falling back to 1 default profile: "default"
02:44:15.413 [restartedMain] INFO  c.e.p.e.EmployeeCrudApplication - Started EmployeeCrudApplication in 17.017 seconds (process running for 19.11)
02:45:40.721 [restartedMain] INFO  c.e.p.e.EmployeeCrudApplication - Starting EmployeeCrudApplication using Java 19.0.2 with PID 7492 (E:\spring boot practice\EmployeeCrud\target\classes started by Saurabh in E:\spring boot practice\EmployeeCrud)
02:45:40.733 [restartedMain] INFO  c.e.p.e.EmployeeCrudApplication - No active profile set, falling back to 1 default profile: "default"
02:45:55.577 [restartedMain] INFO  c.e.p.e.EmployeeCrudApplication - Started EmployeeCrudApplication in 15.928 seconds (process running for 18.216)
02:51:27.790 [restartedMain] INFO  c.e.p.e.EmployeeCrudApplication - Starting EmployeeCrudApplication using Java 19.0.2 with PID 7492 (E:\spring boot practice\EmployeeCrud\target\classes started by Saurabh in E:\spring boot practice\EmployeeCrud)
02:51:27.791 [restartedMain] INFO  c.e.p.e.EmployeeCrudApplication - No active profile set, falling back to 1 default profile: "default"
02:51:35.802 [restartedMain] INFO  c.e.p.e.EmployeeCrudApplication - Starting EmployeeCrudApplication using Java 19.0.2 with PID 7492 (E:\spring boot practice\EmployeeCrud\target\classes started by Saurabh in E:\spring boot practice\EmployeeCrud)
02:51:35.803 [restartedMain] INFO  c.e.p.e.EmployeeCrudApplication - No active profile set, falling back to 1 default profile: "default"
02:51:38.658 [restartedMain] INFO  c.e.p.e.EmployeeCrudApplication - Started EmployeeCrudApplication in 2.921 seconds (process running for 361.296)
02:52:33.840 [restartedMain] INFO  c.e.p.e.EmployeeCrudApplication - Starting EmployeeCrudApplication using Java 19.0.2 with PID 6652 (E:\spring boot practice\EmployeeCrud\target\classes started by Saurabh in E:\spring boot practice\EmployeeCrud)
02:52:33.856 [restartedMain] INFO  c.e.p.e.EmployeeCrudApplication - No active profile set, falling back to 1 default profile: "default"
02:52:46.746 [restartedMain] INFO  c.e.p.e.EmployeeCrudApplication - Started EmployeeCrudApplication in 13.856 seconds (process running for 15.961)
02:56:33.795 [main] INFO  c.e.p.e.r.EmployeeRepositoryTest - Starting EmployeeRepositoryTest using Java 19.0.2 with PID 11408 (started by Saurabh in E:\spring boot practice\EmployeeCrud)
02:56:33.799 [main] INFO  c.e.p.e.r.EmployeeRepositoryTest - No active profile set, falling back to 1 default profile: "default"
02:56:46.665 [main] INFO  c.e.p.e.r.EmployeeRepositoryTest - Started EmployeeRepositoryTest in 13.54 seconds (process running for 17.8)
