18:29:48.404 [main] INFO  c.e.p.e.EmployeeCrudApplicationTests - Started EmployeeCrudApplicationTests in 13.413 seconds (process running for 17.361)
18:29:50.107 [main] INFO  c.e.p.e.service.EmployeeServiceImpl - findEmployee - START
18:29:50.107 [main] INFO  c.e.p.e.service.EmployeeServiceImpl - calling the repository findByEmployeeId...
18:29:50.118 [main] INFO  c.e.p.e.service.EmployeeServiceImpl - findEmployee - END
18:29:50.344 [main] INFO  c.e.p.e.service.EmployeeServiceImpl - findEmployee - START
18:29:50.345 [main] INFO  c.e.p.e.service.EmployeeServiceImpl - calling the repository findByEmployeeId...
18:29:50.355 [main] INFO  c.e.p.e.service.EmployeeServiceImpl - findEmployee - START
18:29:50.355 [main] INFO  c.e.p.e.service.EmployeeServiceImpl - calling the repository findByEmployeeId...
18:29:50.510 [main] INFO  c.e.p.e.service.EmployeeServiceImpl - addEmployee - START
18:29:50.510 [main] INFO  c.e.p.e.service.EmployeeServiceImpl - calling the repository save method...
18:29:50.845 [main] INFO  c.e.p.e.service.EmployeeServiceImpl - addEmployee - END
18:32:03.188 [main] INFO  c.e.p.e.EmployeeCrudApplicationTests - Starting EmployeeCrudApplicationTests using Java 17.0.6 with PID 15300 (started by Saurabh in E:\spring boot practice\EmployeeCrud)
18:32:03.192 [main] INFO  c.e.p.e.EmployeeCrudApplicationTests - No active profile set, falling back to 1 default profile: "default"
18:32:15.620 [main] INFO  c.e.p.e.EmployeeCrudApplicationTests - Started EmployeeCrudApplicationTests in 13.148 seconds (process running for 16.652)
18:32:17.263 [main] INFO  c.e.p.e.service.EmployeeServiceImpl - findEmployee - START
18:32:17.264 [main] INFO  c.e.p.e.service.EmployeeServiceImpl - calling the repository findByEmployeeId...
18:32:17.270 [main] INFO  c.e.p.e.service.EmployeeServiceImpl - findEmployee - END
18:32:17.576 [main] INFO  c.e.p.e.service.EmployeeServiceImpl - findEmployee - START
18:32:17.576 [main] INFO  c.e.p.e.service.EmployeeServiceImpl - calling the repository findByEmployeeId...
18:32:17.586 [main] INFO  c.e.p.e.service.EmployeeServiceImpl - findEmployee - START
18:32:17.587 [main] INFO  c.e.p.e.service.EmployeeServiceImpl - calling the repository findByEmployeeId...
18:32:17.722 [main] INFO  c.e.p.e.service.EmployeeServiceImpl - addEmployee - START
18:32:17.724 [main] INFO  c.e.p.e.service.EmployeeServiceImpl - calling the repository save method...
18:32:18.045 [main] INFO  c.e.p.e.service.EmployeeServiceImpl - addEmployee - END
18:37:22.887 [main] INFO  c.e.p.e.s.EmployeeServiceImplTest - Starting EmployeeServiceImplTest using Java 19.0.2 with PID 16132 (started by Saurabh in E:\spring boot practice\EmployeeCrud)
18:37:22.892 [main] INFO  c.e.p.e.s.EmployeeServiceImplTest - No active profile set, falling back to 1 default profile: "default"
18:37:33.719 [main] INFO  c.e.p.e.s.EmployeeServiceImplTest - Started EmployeeServiceImplTest in 11.551 seconds (process running for 15.404)
18:43:56.964 [main] INFO  c.e.p.e.s.EmployeeServiceImplTest - Starting EmployeeServiceImplTest using Java 19.0.2 with PID 3244 (started by Saurabh in E:\spring boot practice\EmployeeCrud)
18:43:56.968 [main] INFO  c.e.p.e.s.EmployeeServiceImplTest - No active profile set, falling back to 1 default profile: "default"
18:44:11.328 [main] INFO  c.e.p.e.s.EmployeeServiceImplTest - Started EmployeeServiceImplTest in 14.971 seconds (process running for 18.927)
18:44:12.055 [main] INFO  c.e.p.e.service.EmployeeServiceImpl - findEmployee - START
18:44:12.055 [main] INFO  c.e.p.e.service.EmployeeServiceImpl - calling the repository findByEmployeeId...
18:44:12.339 [main] INFO  c.e.p.e.service.EmployeeServiceImpl - findEmployee - END
18:44:12.572 [main] INFO  c.e.p.e.service.EmployeeServiceImpl - findEmployee - START
18:44:12.572 [main] INFO  c.e.p.e.service.EmployeeServiceImpl - calling the repository findByEmployeeId...
18:44:12.583 [main] INFO  c.e.p.e.service.EmployeeServiceImpl - findEmployee - START
18:44:12.583 [main] INFO  c.e.p.e.service.EmployeeServiceImpl - calling the repository findByEmployeeId...
18:44:12.769 [main] INFO  c.e.p.e.service.EmployeeServiceImpl - addEmployee - START
18:44:12.769 [main] INFO  c.e.p.e.service.EmployeeServiceImpl - calling the repository save method...
18:44:12.991 [main] INFO  c.e.p.e.service.EmployeeServiceImpl - addEmployee - END
18:54:27.508 [main] INFO  c.e.p.e.s.EmployeeServiceImplTest - Starting EmployeeServiceImplTest using Java 19.0.2 with PID 12816 (started by Saurabh in E:\spring boot practice\EmployeeCrud)
18:54:27.513 [main] INFO  c.e.p.e.s.EmployeeServiceImplTest - No active profile set, falling back to 1 default profile: "default"
18:54:39.775 [main] INFO  c.e.p.e.s.EmployeeServiceImplTest - Started EmployeeServiceImplTest in 12.861 seconds (process running for 16.658)
20:09:29.378 [main] INFO  c.e.p.e.s.EmployeeServiceImplTest - Starting EmployeeServiceImplTest using Java 19.0.2 with PID 20420 (started by Saurabh in E:\spring boot practice\EmployeeCrud)
20:09:29.385 [main] INFO  c.e.p.e.s.EmployeeServiceImplTest - No active profile set, falling back to 1 default profile: "default"
20:09:43.917 [main] INFO  c.e.p.e.s.EmployeeServiceImplTest - Started EmployeeServiceImplTest in 15.575 seconds (process running for 20.782)
20:13:11.055 [main] INFO  c.e.p.e.s.EmployeeServiceImplTest - Starting EmployeeServiceImplTest using Java 19.0.2 with PID 7052 (started by Saurabh in E:\spring boot practice\EmployeeCrud)
20:13:11.063 [main] INFO  c.e.p.e.s.EmployeeServiceImplTest - No active profile set, falling back to 1 default profile: "default"
20:13:25.605 [main] INFO  c.e.p.e.s.EmployeeServiceImplTest - Started EmployeeServiceImplTest in 15.231 seconds (process running for 18.887)
20:22:09.615 [main] INFO  c.e.p.e.r.EmployeeRepositoryTest - Starting EmployeeRepositoryTest using Java 17.0.6 with PID 15416 (started by Saurabh in E:\spring boot practice\EmployeeCrud)
20:22:09.620 [main] INFO  c.e.p.e.r.EmployeeRepositoryTest - No active profile set, falling back to 1 default profile: "default"
20:22:26.450 [main] INFO  c.e.p.e.r.EmployeeRepositoryTest - Started EmployeeRepositoryTest in 18.232 seconds (process running for 23.848)
20:22:27.636 [main] INFO  c.e.p.e.service.EmployeeServiceImpl - findEmployee - START
20:22:27.637 [main] INFO  c.e.p.e.service.EmployeeServiceImpl - calling the repository findByEmployeeId...
20:22:27.642 [main] INFO  c.e.p.e.service.EmployeeServiceImpl - findEmployee - END
20:22:27.957 [main] INFO  c.e.p.e.service.EmployeeServiceImpl - findEmployee - START
20:22:27.957 [main] INFO  c.e.p.e.service.EmployeeServiceImpl - calling the repository findByEmployeeId...
20:22:27.967 [main] INFO  c.e.p.e.service.EmployeeServiceImpl - findEmployee - START
20:22:27.968 [main] INFO  c.e.p.e.service.EmployeeServiceImpl - calling the repository findByEmployeeId...
20:22:28.085 [main] INFO  c.e.p.e.service.EmployeeServiceImpl - addEmployee - START
20:22:28.093 [main] INFO  c.e.p.e.service.EmployeeServiceImpl - calling the repository save method...
20:22:28.374 [main] INFO  c.e.p.e.service.EmployeeServiceImpl - addEmployee - END
20:27:32.776 [main] INFO  c.e.p.e.r.EmployeeRepositoryTest - Starting EmployeeRepositoryTest using Java 17.0.6 with PID 3096 (started by Saurabh in E:\spring boot practice\EmployeeCrud)
20:27:32.781 [main] INFO  c.e.p.e.r.EmployeeRepositoryTest - No active profile set, falling back to 1 default profile: "default"
20:27:46.731 [main] INFO  c.e.p.e.r.EmployeeRepositoryTest - Started EmployeeRepositoryTest in 14.659 seconds (process running for 21.295)
20:27:48.569 [main] INFO  c.e.p.e.service.EmployeeServiceImpl - findEmployee - START
20:27:48.570 [main] INFO  c.e.p.e.service.EmployeeServiceImpl - calling the repository findByEmployeeId...
20:27:48.578 [main] INFO  c.e.p.e.service.EmployeeServiceImpl - findEmployee - END
20:27:49.041 [main] INFO  c.e.p.e.service.EmployeeServiceImpl - findEmployee - START
20:27:49.041 [main] INFO  c.e.p.e.service.EmployeeServiceImpl - calling the repository findByEmployeeId...
20:27:49.103 [main] INFO  c.e.p.e.service.EmployeeServiceImpl - findEmployee - START
20:27:49.104 [main] INFO  c.e.p.e.service.EmployeeServiceImpl - calling the repository findByEmployeeId...
20:27:49.270 [main] INFO  c.e.p.e.service.EmployeeServiceImpl - addEmployee - START
20:27:49.270 [main] INFO  c.e.p.e.service.EmployeeServiceImpl - calling the repository save method...
20:27:49.489 [main] INFO  c.e.p.e.service.EmployeeServiceImpl - addEmployee - END
20:36:45.151 [main] INFO  c.e.p.e.s.EmployeeServiceImplTest - Starting EmployeeServiceImplTest using Java 19.0.2 with PID 13428 (started by Saurabh in E:\spring boot practice\EmployeeCrud)
20:36:45.156 [main] INFO  c.e.p.e.s.EmployeeServiceImplTest - No active profile set, falling back to 1 default profile: "default"
20:36:56.536 [main] INFO  c.e.p.e.s.EmployeeServiceImplTest - Started EmployeeServiceImplTest in 12.032 seconds (process running for 15.659)
20:36:57.297 [main] INFO  c.e.p.e.service.EmployeeServiceImpl - removeEmployee - START
20:36:57.297 [main] INFO  c.e.p.e.service.EmployeeServiceImpl - calling findEmployee...
20:36:57.297 [main] INFO  c.e.p.e.service.EmployeeServiceImpl - findEmployee - START
20:36:57.298 [main] INFO  c.e.p.e.service.EmployeeServiceImpl - calling the repository findByEmployeeId...
20:38:49.516 [main] INFO  c.e.p.e.s.EmployeeServiceImplTest - Starting EmployeeServiceImplTest using Java 19.0.2 with PID 17232 (started by Saurabh in E:\spring boot practice\EmployeeCrud)
20:38:49.522 [main] INFO  c.e.p.e.s.EmployeeServiceImplTest - No active profile set, falling back to 1 default profile: "default"
20:39:04.926 [main] INFO  c.e.p.e.s.EmployeeServiceImplTest - Started EmployeeServiceImplTest in 16.15 seconds (process running for 20.083)
20:39:05.686 [main] INFO  c.e.p.e.service.EmployeeServiceImpl - removeEmployee - START
20:39:05.686 [main] INFO  c.e.p.e.service.EmployeeServiceImpl - calling findEmployee...
20:39:05.686 [main] INFO  c.e.p.e.service.EmployeeServiceImpl - findEmployee - START
20:39:05.687 [main] INFO  c.e.p.e.service.EmployeeServiceImpl - calling the repository findByEmployeeId...
20:39:05.962 [main] INFO  c.e.p.e.service.EmployeeServiceImpl - removeEmployee - START
20:39:05.963 [main] INFO  c.e.p.e.service.EmployeeServiceImpl - calling findEmployee...
20:40:49.060 [main] INFO  c.e.p.e.s.EmployeeServiceImplTest - Starting EmployeeServiceImplTest using Java 19.0.2 with PID 3184 (started by Saurabh in E:\spring boot practice\EmployeeCrud)
20:40:49.066 [main] INFO  c.e.p.e.s.EmployeeServiceImplTest - No active profile set, falling back to 1 default profile: "default"
20:41:02.386 [main] INFO  c.e.p.e.s.EmployeeServiceImplTest - Started EmployeeServiceImplTest in 14.055 seconds (process running for 17.988)
20:41:03.089 [main] INFO  c.e.p.e.service.EmployeeServiceImpl - removeEmployee - START
20:41:03.090 [main] INFO  c.e.p.e.service.EmployeeServiceImpl - calling findEmployee...
20:41:03.090 [main] INFO  c.e.p.e.service.EmployeeServiceImpl - findEmployee - START
20:41:03.091 [main] INFO  c.e.p.e.service.EmployeeServiceImpl - calling the repository findByEmployeeId...
20:41:03.387 [main] INFO  c.e.p.e.service.EmployeeServiceImpl - removeEmployee - START
20:41:03.387 [main] INFO  c.e.p.e.service.EmployeeServiceImpl - calling findEmployee...
20:41:49.207 [main] INFO  c.e.p.e.s.EmployeeServiceImplTest - Starting EmployeeServiceImplTest using Java 19.0.2 with PID 480 (started by Saurabh in E:\spring boot practice\EmployeeCrud)
20:41:49.212 [main] INFO  c.e.p.e.s.EmployeeServiceImplTest - No active profile set, falling back to 1 default profile: "default"
20:42:00.542 [main] INFO  c.e.p.e.s.EmployeeServiceImplTest - Started EmployeeServiceImplTest in 11.894 seconds (process running for 15.266)
20:42:01.277 [main] INFO  c.e.p.e.service.EmployeeServiceImpl - removeEmployee - START
20:42:01.277 [main] INFO  c.e.p.e.service.EmployeeServiceImpl - calling findEmployee...
20:42:01.277 [main] INFO  c.e.p.e.service.EmployeeServiceImpl - findEmployee - START
20:42:01.277 [main] INFO  c.e.p.e.service.EmployeeServiceImpl - calling the repository findByEmployeeId...
20:42:01.532 [main] INFO  c.e.p.e.service.EmployeeServiceImpl - removeEmployee - START
20:42:01.533 [main] INFO  c.e.p.e.service.EmployeeServiceImpl - calling findEmployee...
20:42:38.357 [main] INFO  c.e.p.e.s.EmployeeServiceImplTest - Starting EmployeeServiceImplTest using Java 19.0.2 with PID 9824 (started by Saurabh in E:\spring boot practice\EmployeeCrud)
20:42:38.380 [main] INFO  c.e.p.e.s.EmployeeServiceImplTest - No active profile set, falling back to 1 default profile: "default"
20:42:51.403 [main] INFO  c.e.p.e.s.EmployeeServiceImplTest - Started EmployeeServiceImplTest in 13.72 seconds (process running for 17.307)
20:42:52.161 [main] INFO  c.e.p.e.service.EmployeeServiceImpl - removeEmployee - START
20:42:52.161 [main] INFO  c.e.p.e.service.EmployeeServiceImpl - calling findEmployee...
20:42:52.162 [main] INFO  c.e.p.e.service.EmployeeServiceImpl - findEmployee - START
20:42:52.162 [main] INFO  c.e.p.e.service.EmployeeServiceImpl - calling the repository findByEmployeeId...
20:42:52.430 [main] INFO  c.e.p.e.service.EmployeeServiceImpl - removeEmployee - START
20:42:52.430 [main] INFO  c.e.p.e.service.EmployeeServiceImpl - calling findEmployee...
20:44:49.561 [main] INFO  c.e.p.e.s.EmployeeServiceImplTest - Starting EmployeeServiceImplTest using Java 19.0.2 with PID 18996 (started by Saurabh in E:\spring boot practice\EmployeeCrud)
20:44:49.565 [main] INFO  c.e.p.e.s.EmployeeServiceImplTest - No active profile set, falling back to 1 default profile: "default"
20:45:00.946 [main] INFO  c.e.p.e.s.EmployeeServiceImplTest - Started EmployeeServiceImplTest in 12.023 seconds (process running for 15.389)
20:45:01.677 [main] INFO  c.e.p.e.service.EmployeeServiceImpl - removeEmployee - START
20:45:01.677 [main] INFO  c.e.p.e.service.EmployeeServiceImpl - calling findEmployee...
20:45:01.677 [main] INFO  c.e.p.e.service.EmployeeServiceImpl - findEmployee - START
20:45:01.678 [main] INFO  c.e.p.e.service.EmployeeServiceImpl - calling the repository findByEmployeeId...
20:45:01.948 [main] INFO  c.e.p.e.service.EmployeeServiceImpl - removeEmployee - START
20:45:01.949 [main] INFO  c.e.p.e.service.EmployeeServiceImpl - calling findEmployee...
20:46:04.456 [main] INFO  c.e.p.e.s.EmployeeServiceImplTest - Starting EmployeeServiceImplTest using Java 19.0.2 with PID 15872 (started by Saurabh in E:\spring boot practice\EmployeeCrud)
20:46:04.465 [main] INFO  c.e.p.e.s.EmployeeServiceImplTest - No active profile set, falling back to 1 default profile: "default"
20:46:20.619 [main] INFO  c.e.p.e.s.EmployeeServiceImplTest - Started EmployeeServiceImplTest in 17.111 seconds (process running for 22.012)
20:46:21.310 [main] INFO  c.e.p.e.service.EmployeeServiceImpl - removeEmployee - START
20:46:21.311 [main] INFO  c.e.p.e.service.EmployeeServiceImpl - calling findEmployee...
20:46:21.311 [main] INFO  c.e.p.e.service.EmployeeServiceImpl - findEmployee - START
20:46:21.311 [main] INFO  c.e.p.e.service.EmployeeServiceImpl - calling the repository findByEmployeeId...
20:46:21.792 [main] INFO  c.e.p.e.service.EmployeeServiceImpl - removeEmployee - START
20:46:21.793 [main] INFO  c.e.p.e.service.EmployeeServiceImpl - calling findEmployee...
20:47:32.364 [main] INFO  c.e.p.e.s.EmployeeServiceImplTest - Starting EmployeeServiceImplTest using Java 19.0.2 with PID 2548 (started by Saurabh in E:\spring boot practice\EmployeeCrud)
20:47:32.380 [main] INFO  c.e.p.e.s.EmployeeServiceImplTest - No active profile set, falling back to 1 default profile: "default"
20:47:46.467 [main] INFO  c.e.p.e.s.EmployeeServiceImplTest - Started EmployeeServiceImplTest in 14.969 seconds (process running for 18.346)
20:47:47.094 [main] INFO  c.e.p.e.service.EmployeeServiceImpl - removeEmployee - START
20:47:47.094 [main] INFO  c.e.p.e.service.EmployeeServiceImpl - calling findEmployee...
20:47:47.094 [main] INFO  c.e.p.e.service.EmployeeServiceImpl - findEmployee - START
20:47:47.094 [main] INFO  c.e.p.e.service.EmployeeServiceImpl - calling the repository findByEmployeeId...
20:47:47.375 [main] INFO  c.e.p.e.service.EmployeeServiceImpl - removeEmployee - START
20:47:47.375 [main] INFO  c.e.p.e.service.EmployeeServiceImpl - calling findEmployee...
21:03:17.480 [main] INFO  c.e.p.e.s.EmployeeServiceImplTest - Starting EmployeeServiceImplTest using Java 19.0.2 with PID 15648 (started by Saurabh in E:\spring boot practice\EmployeeCrud)
21:03:17.491 [main] INFO  c.e.p.e.s.EmployeeServiceImplTest - No active profile set, falling back to 1 default profile: "default"
21:03:39.329 [main] INFO  c.e.p.e.s.EmployeeServiceImplTest - Started EmployeeServiceImplTest in 23.051 seconds (process running for 30.577)
