02:00:54.185 [main] INFO  c.e.p.e.s.EmployeeServiceImplTest - Starting EmployeeServiceImplTest using Java 19.0.2 with PID 9488 (started by Saurabh in E:\spring boot practice\EmployeeCrud)
02:00:54.198 [main] INFO  c.e.p.e.s.EmployeeServiceImplTest - No active profile set, falling back to 1 default profile: "default"
02:01:12.337 [main] INFO  c.e.p.e.s.EmployeeServiceImplTest - Started EmployeeServiceImplTest in 19.423 seconds (process running for 28.198)
02:02:22.412 [main] INFO  c.e.p.e.s.EmployeeServiceImplTest - Starting EmployeeServiceImplTest using Java 19.0.2 with PID 13648 (started by Saurabh in E:\spring boot practice\EmployeeCrud)
02:02:22.417 [main] INFO  c.e.p.e.s.EmployeeServiceImplTest - No active profile set, falling back to 1 default profile: "default"
02:02:34.111 [main] INFO  c.e.p.e.s.EmployeeServiceImplTest - Started EmployeeServiceImplTest in 12.325 seconds (process running for 16.08)
02:02:35.133 [main] INFO  c.e.p.e.service.EmployeeServiceImpl - findEmployee - START
02:02:35.134 [main] INFO  c.e.p.e.service.EmployeeServiceImpl - calling the repository findByEmployeeId...
02:03:28.721 [main] INFO  c.e.p.e.s.EmployeeServiceImplTest - Starting EmployeeServiceImplTest using Java 19.0.2 with PID 2608 (started by Saurabh in E:\spring boot practice\EmployeeCrud)
02:03:28.727 [main] INFO  c.e.p.e.s.EmployeeServiceImplTest - No active profile set, falling back to 1 default profile: "default"
02:03:42.535 [main] INFO  c.e.p.e.s.EmployeeServiceImplTest - Started EmployeeServiceImplTest in 14.552 seconds (process running for 17.945)
02:34:39.150 [main] INFO  c.e.p.e.service.EmployeeServiceImpl - findEmployee - START
02:34:39.156 [main] INFO  c.e.p.e.service.EmployeeServiceImpl - calling the repository findByEmployeeId...
02:34:39.164 [main] INFO  c.e.p.e.service.EmployeeServiceImpl - findEmployee - END
02:35:33.982 [main] INFO  c.e.p.e.service.EmployeeServiceImpl - findEmployee - START
02:35:33.987 [main] INFO  c.e.p.e.service.EmployeeServiceImpl - calling the repository findByEmployeeId...
02:35:34.001 [main] INFO  c.e.p.e.service.EmployeeServiceImpl - findEmployee - END
02:35:34.251 [main] INFO  c.e.p.e.service.EmployeeServiceImpl - findEmployee - START
02:35:34.251 [main] INFO  c.e.p.e.service.EmployeeServiceImpl - calling the repository findByEmployeeId...
02:35:34.255 [main] INFO  c.e.p.e.service.EmployeeServiceImpl - findEmployee - START
02:35:34.255 [main] INFO  c.e.p.e.service.EmployeeServiceImpl - calling the repository findByEmployeeId...
02:35:58.830 [main] INFO  c.e.p.e.service.EmployeeServiceImpl - findEmployee - START
02:35:58.835 [main] INFO  c.e.p.e.service.EmployeeServiceImpl - calling the repository findByEmployeeId...
02:35:58.844 [main] INFO  c.e.p.e.service.EmployeeServiceImpl - findEmployee - END
02:35:59.063 [main] INFO  c.e.p.e.service.EmployeeServiceImpl - findEmployee - START
02:35:59.064 [main] INFO  c.e.p.e.service.EmployeeServiceImpl - calling the repository findByEmployeeId...
02:35:59.068 [main] INFO  c.e.p.e.service.EmployeeServiceImpl - findEmployee - START
02:35:59.068 [main] INFO  c.e.p.e.service.EmployeeServiceImpl - calling the repository findByEmployeeId...
02:36:22.366 [main] INFO  c.e.p.e.service.EmployeeServiceImpl - findEmployee - START
02:36:22.372 [main] INFO  c.e.p.e.service.EmployeeServiceImpl - calling the repository findByEmployeeId...
02:36:22.380 [main] INFO  c.e.p.e.service.EmployeeServiceImpl - findEmployee - END
02:36:22.600 [main] INFO  c.e.p.e.service.EmployeeServiceImpl - findEmployee - START
02:36:22.600 [main] INFO  c.e.p.e.service.EmployeeServiceImpl - calling the repository findByEmployeeId...
02:36:22.604 [main] INFO  c.e.p.e.service.EmployeeServiceImpl - findEmployee - START
02:36:22.604 [main] INFO  c.e.p.e.service.EmployeeServiceImpl - calling the repository findByEmployeeId...
02:55:44.694 [main] INFO  c.e.p.e.service.EmployeeServiceImpl - addEmployee - START
02:55:44.700 [main] INFO  c.e.p.e.service.EmployeeServiceImpl - calling the repository save method...
02:55:44.711 [main] INFO  c.e.p.e.service.EmployeeServiceImpl - addEmployee - END
03:17:51.071 [main] INFO  c.e.p.e.service.EmployeeServiceImpl - removeEmployee - START
03:17:51.076 [main] INFO  c.e.p.e.service.EmployeeServiceImpl - calling findEmployee...
03:17:51.077 [main] INFO  c.e.p.e.service.EmployeeServiceImpl - findEmployee - START
03:17:51.077 [main] INFO  c.e.p.e.service.EmployeeServiceImpl - calling the repository findByEmployeeId...
03:18:24.886 [main] INFO  c.e.p.e.service.EmployeeServiceImpl - removeEmployee - START
03:18:24.891 [main] INFO  c.e.p.e.service.EmployeeServiceImpl - calling findEmployee...
03:18:24.891 [main] INFO  c.e.p.e.service.EmployeeServiceImpl - findEmployee - START
03:18:24.892 [main] INFO  c.e.p.e.service.EmployeeServiceImpl - calling the repository findByEmployeeId...
03:20:27.822 [main] INFO  c.e.p.e.service.EmployeeServiceImpl - removeEmployee - START
03:20:27.830 [main] INFO  c.e.p.e.service.EmployeeServiceImpl - calling findEmployee...
03:20:27.831 [main] INFO  c.e.p.e.service.EmployeeServiceImpl - findEmployee - START
03:20:27.832 [main] INFO  c.e.p.e.service.EmployeeServiceImpl - calling the repository findByEmployeeId...
03:21:55.122 [main] INFO  c.e.p.e.service.EmployeeServiceImpl - removeEmployee - START
03:21:55.133 [main] INFO  c.e.p.e.service.EmployeeServiceImpl - calling findEmployee...
03:21:55.134 [main] INFO  c.e.p.e.service.EmployeeServiceImpl - findEmployee - START
03:21:55.134 [main] INFO  c.e.p.e.service.EmployeeServiceImpl - calling the repository findByEmployeeId...
03:23:48.299 [main] INFO  c.e.p.e.service.EmployeeServiceImpl - removeEmployee - START
03:23:48.303 [main] INFO  c.e.p.e.service.EmployeeServiceImpl - calling findEmployee...
03:23:48.304 [main] INFO  c.e.p.e.service.EmployeeServiceImpl - findEmployee - START
03:23:48.304 [main] INFO  c.e.p.e.service.EmployeeServiceImpl - calling the repository findByEmployeeId...
