2023-03-16 07:47:12,624 INFO  com.zaxxer.hikari.HikariDataSource -- HikariPool-3 - Starting... 
2023-03-16 07:47:12,686 INFO  com.zaxxer.hikari.pool.HikariPool -- HikariPool-3 - Added connection com.mysql.cj.jdbc.ConnectionImpl@131bbd24 
2023-03-16 07:47:12,686 INFO  com.zaxxer.hikari.HikariDataSource -- HikariPool-3 - Start completed. 
2023-03-16 07:47:12,689 INFO  SQL dialect -- HHH000400: Using dialect: org.hibernate.dialect.MySQLDialect 
2023-03-16 07:47:12,833 INFO  o.h.e.t.j.p.i.JtaPlatformInitiator -- HHH000490: Using JtaPlatform implementation: [org.hibernate.engine.transaction.jta.platform.internal.NoJtaPlatform] 
2023-03-16 07:47:12,834 INFO  o.s.o.j.LocalContainerEntityManagerFactoryBean -- Initialized JPA EntityManagerFactory for persistence unit 'default' 
2023-03-16 07:47:13,108 WARN  o.s.b.a.o.j.JpaBaseConfiguration$JpaWebConfiguration -- spring.jpa.open-in-view is enabled by default. Therefore, database queries may be performed during view rendering. Explicitly configure spring.jpa.open-in-view to disable this warning 
2023-03-16 07:47:13,536 INFO  o.s.b.d.a.OptionalLiveReloadServer -- LiveReload server is running on port 35729 
2023-03-16 07:47:13,576 INFO  o.s.b.w.e.tomcat.TomcatWebServer -- Tomcat started on port(s): 7777 (http) with context path '' 
2023-03-16 07:47:13,587 INFO  c.e.p.e.EmployeeCrudApplication -- Started EmployeeCrudApplication in 1.83 seconds (process running for 362.999) 
2023-03-16 07:47:13,607 INFO  o.s.b.d.a.ConditionEvaluationDeltaLoggingListener -- Condition evaluation unchanged 
2023-03-16 07:47:31,647 INFO  o.a.c.c.C.[Tomcat].[localhost].[/] -- Initializing Spring DispatcherServlet 'dispatcherServlet' 
2023-03-16 07:47:31,648 INFO  o.s.web.servlet.DispatcherServlet -- Initializing Servlet 'dispatcherServlet' 
2023-03-16 07:47:31,649 INFO  o.s.web.servlet.DispatcherServlet -- Completed initialization in 1 ms 
2023-03-16 07:47:31,656 INFO  c.e.p.e.c.EmployeeController -- retrieveEmployeeByPathVariable - START 
2023-03-16 07:47:31,656 INFO  c.e.p.e.c.EmployeeController -- Calling findEmployee method... 
2023-03-16 07:47:31,666 ERROR c.e.p.e.c.EmployeeController -- Employee with the employee id 355 was not found 
com.exceptionhandling.practice.employeecrud.exceptions.UserNotFoundException: Employee with the employee id 355 was not found
	at com.exceptionhandling.practice.employeecrud.service.EmployeeServiceImpl.findEmployee(EmployeeServiceImpl.java:30)
	at java.base/jdk.internal.reflect.DirectMethodHandleAccessor.invoke(DirectMethodHandleAccessor.java:104)
	at java.base/java.lang.reflect.Method.invoke(Method.java:578)
	at org.springframework.aop.support.AopUtils.invokeJoinpointUsingReflection(AopUtils.java:343)
	at org.springframework.aop.framework.ReflectiveMethodInvocation.invokeJoinpoint(ReflectiveMethodInvocation.java:196)
	at org.springframework.aop.framework.ReflectiveMethodInvocation.proceed(ReflectiveMethodInvocation.java:163)
	at org.springframework.aop.framework.CglibAopProxy$CglibMethodInvocation.proceed(CglibAopProxy.java:750)
	at org.springframework.transaction.interceptor.TransactionInterceptor$1.proceedWithInvocation(TransactionInterceptor.java:123)
	at org.springframework.transaction.interceptor.TransactionAspectSupport.invokeWithinTransaction(TransactionAspectSupport.java:390)
	at org.springframework.transaction.interceptor.TransactionInterceptor.invoke(TransactionInterceptor.java:119)
	at org.springframework.aop.framework.ReflectiveMethodInvocation.proceed(ReflectiveMethodInvocation.java:184)
	at org.springframework.aop.framework.CglibAopProxy$CglibMethodInvocation.proceed(CglibAopProxy.java:750)
	at org.springframework.aop.framework.CglibAopProxy$DynamicAdvisedInterceptor.intercept(CglibAopProxy.java:702)
	at com.exceptionhandling.practice.employeecrud.service.EmployeeServiceImpl$$SpringCGLIB$$0.findEmployee(<generated>)
	at com.exceptionhandling.practice.employeecrud.controller.EmployeeController.retrieveEmployeeByPathVariable(EmployeeController.java:33)
	at java.base/jdk.internal.reflect.DirectMethodHandleAccessor.invoke(DirectMethodHandleAccessor.java:104)
	at java.base/java.lang.reflect.Method.invoke(Method.java:578)
	at org.springframework.web.method.support.InvocableHandlerMethod.doInvoke(InvocableHandlerMethod.java:207)
	at org.springframework.web.method.support.InvocableHandlerMethod.invokeForRequest(InvocableHandlerMethod.java:152)
	at org.springframework.web.servlet.mvc.method.annotation.ServletInvocableHandlerMethod.invokeAndHandle(ServletInvocableHandlerMethod.java:117)
	at org.springframework.web.servlet.mvc.method.annotation.RequestMappingHandlerAdapter.invokeHandlerMethod(RequestMappingHandlerAdapter.java:884)
	at org.springframework.web.servlet.mvc.method.annotation.RequestMappingHandlerAdapter.handleInternal(RequestMappingHandlerAdapter.java:797)
	at org.springframework.web.servlet.mvc.method.AbstractHandlerMethodAdapter.handle(AbstractHandlerMethodAdapter.java:87)
	at org.springframework.web.servlet.DispatcherServlet.doDispatch(DispatcherServlet.java:1081)
	at org.springframework.web.servlet.DispatcherServlet.doService(DispatcherServlet.java:974)
	at org.springframework.web.servlet.FrameworkServlet.processRequest(FrameworkServlet.java:1011)
	at org.springframework.web.servlet.FrameworkServlet.doGet(FrameworkServlet.java:903)
	at jakarta.servlet.http.HttpServlet.service(HttpServlet.java:705)
	at org.springframework.web.servlet.FrameworkServlet.service(FrameworkServlet.java:885)
	at jakarta.servlet.http.HttpServlet.service(HttpServlet.java:814)
	at org.apache.catalina.core.ApplicationFilterChain.internalDoFilter(ApplicationFilterChain.java:223)
	at org.apache.catalina.core.ApplicationFilterChain.doFilter(ApplicationFilterChain.java:158)
	at org.apache.tomcat.websocket.server.WsFilter.doFilter(WsFilter.java:53)
	at org.apache.catalina.core.ApplicationFilterChain.internalDoFilter(ApplicationFilterChain.java:185)
	at org.apache.catalina.core.ApplicationFilterChain.doFilter(ApplicationFilterChain.java:158)
	at org.springframework.web.filter.RequestContextFilter.doFilterInternal(RequestContextFilter.java:100)
	at org.springframework.web.filter.OncePerRequestFilter.doFilter(OncePerRequestFilter.java:116)
	at org.apache.catalina.core.ApplicationFilterChain.internalDoFilter(ApplicationFilterChain.java:185)
	at org.apache.catalina.core.ApplicationFilterChain.doFilter(ApplicationFilterChain.java:158)
	at org.springframework.web.filter.FormContentFilter.doFilterInternal(FormContentFilter.java:93)
	at org.springframework.web.filter.OncePerRequestFilter.doFilter(OncePerRequestFilter.java:116)
	at org.apache.catalina.core.ApplicationFilterChain.internalDoFilter(ApplicationFilterChain.java:185)
	at org.apache.catalina.core.ApplicationFilterChain.doFilter(ApplicationFilterChain.java:158)
	at org.springframework.web.filter.CharacterEncodingFilter.doFilterInternal(CharacterEncodingFilter.java:201)
	at org.springframework.web.filter.OncePerRequestFilter.doFilter(OncePerRequestFilter.java:116)
	at org.apache.catalina.core.ApplicationFilterChain.internalDoFilter(ApplicationFilterChain.java:185)
	at org.apache.catalina.core.ApplicationFilterChain.doFilter(ApplicationFilterChain.java:158)
	at org.apache.catalina.core.StandardWrapperValve.invoke(StandardWrapperValve.java:177)
	at org.apache.catalina.core.StandardContextValve.invoke(StandardContextValve.java:97)
	at org.apache.catalina.authenticator.AuthenticatorBase.invoke(AuthenticatorBase.java:542)
	at org.apache.catalina.core.StandardHostValve.invoke(StandardHostValve.java:119)
	at org.apache.catalina.valves.ErrorReportValve.invoke(ErrorReportValve.java:92)
	at org.apache.catalina.core.StandardEngineValve.invoke(StandardEngineValve.java:78)
	at org.apache.catalina.connector.CoyoteAdapter.service(CoyoteAdapter.java:357)
	at org.apache.coyote.http11.Http11Processor.service(Http11Processor.java:400)
	at org.apache.coyote.AbstractProcessorLight.process(AbstractProcessorLight.java:65)
	at org.apache.coyote.AbstractProtocol$ConnectionHandler.process(AbstractProtocol.java:859)
	at org.apache.tomcat.util.net.NioEndpoint$SocketProcessor.doRun(NioEndpoint.java:1734)
	at org.apache.tomcat.util.net.SocketProcessorBase.run(SocketProcessorBase.java:52)
	at org.apache.tomcat.util.threads.ThreadPoolExecutor.runWorker(ThreadPoolExecutor.java:1191)
	at org.apache.tomcat.util.threads.ThreadPoolExecutor$Worker.run(ThreadPoolExecutor.java:659)
	at org.apache.tomcat.util.threads.TaskThread$WrappingRunnable.run(TaskThread.java:61)
	at java.base/java.lang.Thread.run(Thread.java:1589)
2023-03-16 07:47:31,669 WARN  o.s.w.s.m.m.a.ExceptionHandlerExceptionResolver -- Resolved [com.exceptionhandling.practice.employeecrud.exceptions.UserNotFoundException: Employee with the employee id 355 was not found] 
2023-03-16 07:48:28,686 INFO  c.e.p.e.c.EmployeeController -- retrieveEmployeeByPathVariable - START 
2023-03-16 07:48:28,687 INFO  c.e.p.e.c.EmployeeController -- Calling findEmployee method... 
2023-03-16 07:48:28,693 INFO  c.e.p.e.c.EmployeeController -- retrieveEmployeeByPathVariable - END 
2023-03-16 07:48:51,856 INFO  c.e.p.e.c.EmployeeController -- retrieveEmployeeByPathVariable - START 
2023-03-16 07:48:51,858 INFO  c.e.p.e.c.EmployeeController -- Calling findEmployee method... 
2023-03-16 07:48:51,865 ERROR c.e.p.e.c.EmployeeController -- Employee with the employee id 777 was not found 
com.exceptionhandling.practice.employeecrud.exceptions.UserNotFoundException: Employee with the employee id 777 was not found
	at com.exceptionhandling.practice.employeecrud.service.EmployeeServiceImpl.findEmployee(EmployeeServiceImpl.java:30)
	at java.base/jdk.internal.reflect.DirectMethodHandleAccessor.invoke(DirectMethodHandleAccessor.java:104)
	at java.base/java.lang.reflect.Method.invoke(Method.java:578)
	at org.springframework.aop.support.AopUtils.invokeJoinpointUsingReflection(AopUtils.java:343)
	at org.springframework.aop.framework.ReflectiveMethodInvocation.invokeJoinpoint(ReflectiveMethodInvocation.java:196)
	at org.springframework.aop.framework.ReflectiveMethodInvocation.proceed(ReflectiveMethodInvocation.java:163)
	at org.springframework.aop.framework.CglibAopProxy$CglibMethodInvocation.proceed(CglibAopProxy.java:750)
	at org.springframework.transaction.interceptor.TransactionInterceptor$1.proceedWithInvocation(TransactionInterceptor.java:123)
	at org.springframework.transaction.interceptor.TransactionAspectSupport.invokeWithinTransaction(TransactionAspectSupport.java:390)
	at org.springframework.transaction.interceptor.TransactionInterceptor.invoke(TransactionInterceptor.java:119)
	at org.springframework.aop.framework.ReflectiveMethodInvocation.proceed(ReflectiveMethodInvocation.java:184)
	at org.springframework.aop.framework.CglibAopProxy$CglibMethodInvocation.proceed(CglibAopProxy.java:750)
	at org.springframework.aop.framework.CglibAopProxy$DynamicAdvisedInterceptor.intercept(CglibAopProxy.java:702)
	at com.exceptionhandling.practice.employeecrud.service.EmployeeServiceImpl$$SpringCGLIB$$0.findEmployee(<generated>)
	at com.exceptionhandling.practice.employeecrud.controller.EmployeeController.retrieveEmployeeByPathVariable(EmployeeController.java:33)
	at java.base/jdk.internal.reflect.DirectMethodHandleAccessor.invoke(DirectMethodHandleAccessor.java:104)
	at java.base/java.lang.reflect.Method.invoke(Method.java:578)
	at org.springframework.web.method.support.InvocableHandlerMethod.doInvoke(InvocableHandlerMethod.java:207)
	at org.springframework.web.method.support.InvocableHandlerMethod.invokeForRequest(InvocableHandlerMethod.java:152)
	at org.springframework.web.servlet.mvc.method.annotation.ServletInvocableHandlerMethod.invokeAndHandle(ServletInvocableHandlerMethod.java:117)
	at org.springframework.web.servlet.mvc.method.annotation.RequestMappingHandlerAdapter.invokeHandlerMethod(RequestMappingHandlerAdapter.java:884)
	at org.springframework.web.servlet.mvc.method.annotation.RequestMappingHandlerAdapter.handleInternal(RequestMappingHandlerAdapter.java:797)
	at org.springframework.web.servlet.mvc.method.AbstractHandlerMethodAdapter.handle(AbstractHandlerMethodAdapter.java:87)
	at org.springframework.web.servlet.DispatcherServlet.doDispatch(DispatcherServlet.java:1081)
	at org.springframework.web.servlet.DispatcherServlet.doService(DispatcherServlet.java:974)
	at org.springframework.web.servlet.FrameworkServlet.processRequest(FrameworkServlet.java:1011)
	at org.springframework.web.servlet.FrameworkServlet.doGet(FrameworkServlet.java:903)
	at jakarta.servlet.http.HttpServlet.service(HttpServlet.java:705)
	at org.springframework.web.servlet.FrameworkServlet.service(FrameworkServlet.java:885)
	at jakarta.servlet.http.HttpServlet.service(HttpServlet.java:814)
	at org.apache.catalina.core.ApplicationFilterChain.internalDoFilter(ApplicationFilterChain.java:223)
	at org.apache.catalina.core.ApplicationFilterChain.doFilter(ApplicationFilterChain.java:158)
	at org.apache.tomcat.websocket.server.WsFilter.doFilter(WsFilter.java:53)
	at org.apache.catalina.core.ApplicationFilterChain.internalDoFilter(ApplicationFilterChain.java:185)
	at org.apache.catalina.core.ApplicationFilterChain.doFilter(ApplicationFilterChain.java:158)
	at org.springframework.web.filter.RequestContextFilter.doFilterInternal(RequestContextFilter.java:100)
	at org.springframework.web.filter.OncePerRequestFilter.doFilter(OncePerRequestFilter.java:116)
	at org.apache.catalina.core.ApplicationFilterChain.internalDoFilter(ApplicationFilterChain.java:185)
	at org.apache.catalina.core.ApplicationFilterChain.doFilter(ApplicationFilterChain.java:158)
	at org.springframework.web.filter.FormContentFilter.doFilterInternal(FormContentFilter.java:93)
	at org.springframework.web.filter.OncePerRequestFilter.doFilter(OncePerRequestFilter.java:116)
	at org.apache.catalina.core.ApplicationFilterChain.internalDoFilter(ApplicationFilterChain.java:185)
	at org.apache.catalina.core.ApplicationFilterChain.doFilter(ApplicationFilterChain.java:158)
	at org.springframework.web.filter.CharacterEncodingFilter.doFilterInternal(CharacterEncodingFilter.java:201)
	at org.springframework.web.filter.OncePerRequestFilter.doFilter(OncePerRequestFilter.java:116)
	at org.apache.catalina.core.ApplicationFilterChain.internalDoFilter(ApplicationFilterChain.java:185)
	at org.apache.catalina.core.ApplicationFilterChain.doFilter(ApplicationFilterChain.java:158)
	at org.apache.catalina.core.StandardWrapperValve.invoke(StandardWrapperValve.java:177)
	at org.apache.catalina.core.StandardContextValve.invoke(StandardContextValve.java:97)
	at org.apache.catalina.authenticator.AuthenticatorBase.invoke(AuthenticatorBase.java:542)
	at org.apache.catalina.core.StandardHostValve.invoke(StandardHostValve.java:119)
	at org.apache.catalina.valves.ErrorReportValve.invoke(ErrorReportValve.java:92)
	at org.apache.catalina.core.StandardEngineValve.invoke(StandardEngineValve.java:78)
	at org.apache.catalina.connector.CoyoteAdapter.service(CoyoteAdapter.java:357)
	at org.apache.coyote.http11.Http11Processor.service(Http11Processor.java:400)
	at org.apache.coyote.AbstractProcessorLight.process(AbstractProcessorLight.java:65)
	at org.apache.coyote.AbstractProtocol$ConnectionHandler.process(AbstractProtocol.java:859)
	at org.apache.tomcat.util.net.NioEndpoint$SocketProcessor.doRun(NioEndpoint.java:1734)
	at org.apache.tomcat.util.net.SocketProcessorBase.run(SocketProcessorBase.java:52)
	at org.apache.tomcat.util.threads.ThreadPoolExecutor.runWorker(ThreadPoolExecutor.java:1191)
	at org.apache.tomcat.util.threads.ThreadPoolExecutor$Worker.run(ThreadPoolExecutor.java:659)
	at org.apache.tomcat.util.threads.TaskThread$WrappingRunnable.run(TaskThread.java:61)
	at java.base/java.lang.Thread.run(Thread.java:1589)
2023-03-16 07:48:51,868 WARN  o.s.w.s.m.m.a.ExceptionHandlerExceptionResolver -- Resolved [com.exceptionhandling.practice.employeecrud.exceptions.UserNotFoundException: Employee with the employee id 777 was not found] 
2023-03-16 07:50:36,743 INFO  o.s.b.d.a.LocalDevToolsAutoConfiguration$RestartingClassPathChangeChangedEventListener -- Restarting due to 1 class path change (0 additions, 0 deletions, 1 modification) 
2023-03-16 07:50:36,774 INFO  o.a.catalina.core.StandardService -- Stopping service [Tomcat] 
2023-03-16 07:50:36,775 INFO  o.a.c.c.C.[Tomcat].[localhost].[/] -- Destroying Spring FrameworkServlet 'dispatcherServlet' 
2023-03-16 07:50:36,782 INFO  o.s.o.j.LocalContainerEntityManagerFactoryBean -- Closing JPA EntityManagerFactory for persistence unit 'default' 
2023-03-16 07:50:36,784 INFO  com.zaxxer.hikari.HikariDataSource -- HikariPool-3 - Shutdown initiated... 
2023-03-16 07:50:36,805 INFO  com.zaxxer.hikari.HikariDataSource -- HikariPool-3 - Shutdown completed. 
2023-03-16 07:50:37,049 INFO  c.e.p.e.EmployeeCrudApplication -- Starting EmployeeCrudApplication using Java 19.0.2 with PID 9300 (E:\spring boot practice\EmployeeCrud\target\classes started by Saurabh in E:\spring boot practice\EmployeeCrud) 
2023-03-16 07:50:37,050 INFO  c.e.p.e.EmployeeCrudApplication -- No active profile set, falling back to 1 default profile: "default" 
2023-03-16 07:50:38,936 INFO  c.e.p.e.EmployeeCrudApplication -- Started EmployeeCrudApplication in 1.995 seconds (process running for 568.348) 
2023-03-16 07:50:58,720 INFO  c.e.p.e.c.EmployeeController -- retrieveEmployeeByPathVariable - START 
2023-03-16 07:50:58,720 INFO  c.e.p.e.c.EmployeeController -- Calling findEmployee method... 
2023-03-16 07:50:58,729 INFO  c.e.p.e.c.EmployeeController -- retrieveEmployeeByPathVariable - END 
2023-03-16 07:51:18,048 INFO  c.e.p.e.c.EmployeeController -- retrieveEmployeeByPathVariable - START 
2023-03-16 07:51:18,049 INFO  c.e.p.e.c.EmployeeController -- Calling findEmployee method... 
2023-03-16 07:51:18,057 ERROR c.e.p.e.c.EmployeeController -- Employee with the employee id 377 was not found 
com.exceptionhandling.practice.employeecrud.exceptions.UserNotFoundException: Employee with the employee id 377 was not found
	at com.exceptionhandling.practice.employeecrud.service.EmployeeServiceImpl.findEmployee(EmployeeServiceImpl.java:30)
	at java.base/jdk.internal.reflect.DirectMethodHandleAccessor.invoke(DirectMethodHandleAccessor.java:104)
	at java.base/java.lang.reflect.Method.invoke(Method.java:578)
	at org.springframework.aop.support.AopUtils.invokeJoinpointUsingReflection(AopUtils.java:343)
	at org.springframework.aop.framework.ReflectiveMethodInvocation.invokeJoinpoint(ReflectiveMethodInvocation.java:196)
	at org.springframework.aop.framework.ReflectiveMethodInvocation.proceed(ReflectiveMethodInvocation.java:163)
	at org.springframework.aop.framework.CglibAopProxy$CglibMethodInvocation.proceed(CglibAopProxy.java:750)
	at org.springframework.transaction.interceptor.TransactionInterceptor$1.proceedWithInvocation(TransactionInterceptor.java:123)
	at org.springframework.transaction.interceptor.TransactionAspectSupport.invokeWithinTransaction(TransactionAspectSupport.java:390)
	at org.springframework.transaction.interceptor.TransactionInterceptor.invoke(TransactionInterceptor.java:119)
	at org.springframework.aop.framework.ReflectiveMethodInvocation.proceed(ReflectiveMethodInvocation.java:184)
	at org.springframework.aop.framework.CglibAopProxy$CglibMethodInvocation.proceed(CglibAopProxy.java:750)
	at org.springframework.aop.framework.CglibAopProxy$DynamicAdvisedInterceptor.intercept(CglibAopProxy.java:702)
	at com.exceptionhandling.practice.employeecrud.service.EmployeeServiceImpl$$SpringCGLIB$$0.findEmployee(<generated>)
	at com.exceptionhandling.practice.employeecrud.controller.EmployeeController.retrieveEmployeeByPathVariable(EmployeeController.java:33)
	at java.base/jdk.internal.reflect.DirectMethodHandleAccessor.invoke(DirectMethodHandleAccessor.java:104)
	at java.base/java.lang.reflect.Method.invoke(Method.java:578)
	at org.springframework.web.method.support.InvocableHandlerMethod.doInvoke(InvocableHandlerMethod.java:207)
	at org.springframework.web.method.support.InvocableHandlerMethod.invokeForRequest(InvocableHandlerMethod.java:152)
	at org.springframework.web.servlet.mvc.method.annotation.ServletInvocableHandlerMethod.invokeAndHandle(ServletInvocableHandlerMethod.java:117)
	at org.springframework.web.servlet.mvc.method.annotation.RequestMappingHandlerAdapter.invokeHandlerMethod(RequestMappingHandlerAdapter.java:884)
	at org.springframework.web.servlet.mvc.method.annotation.RequestMappingHandlerAdapter.handleInternal(RequestMappingHandlerAdapter.java:797)
	at org.springframework.web.servlet.mvc.method.AbstractHandlerMethodAdapter.handle(AbstractHandlerMethodAdapter.java:87)
	at org.springframework.web.servlet.DispatcherServlet.doDispatch(DispatcherServlet.java:1081)
	at org.springframework.web.servlet.DispatcherServlet.doService(DispatcherServlet.java:974)
	at org.springframework.web.servlet.FrameworkServlet.processRequest(FrameworkServlet.java:1011)
	at org.springframework.web.servlet.FrameworkServlet.doGet(FrameworkServlet.java:903)
	at jakarta.servlet.http.HttpServlet.service(HttpServlet.java:705)
	at org.springframework.web.servlet.FrameworkServlet.service(FrameworkServlet.java:885)
	at jakarta.servlet.http.HttpServlet.service(HttpServlet.java:814)
	at org.apache.catalina.core.ApplicationFilterChain.internalDoFilter(ApplicationFilterChain.java:223)
	at org.apache.catalina.core.ApplicationFilterChain.doFilter(ApplicationFilterChain.java:158)
	at org.apache.tomcat.websocket.server.WsFilter.doFilter(WsFilter.java:53)
	at org.apache.catalina.core.ApplicationFilterChain.internalDoFilter(ApplicationFilterChain.java:185)
	at org.apache.catalina.core.ApplicationFilterChain.doFilter(ApplicationFilterChain.java:158)
	at org.springframework.web.filter.RequestContextFilter.doFilterInternal(RequestContextFilter.java:100)
	at org.springframework.web.filter.OncePerRequestFilter.doFilter(OncePerRequestFilter.java:116)
	at org.apache.catalina.core.ApplicationFilterChain.internalDoFilter(ApplicationFilterChain.java:185)
	at org.apache.catalina.core.ApplicationFilterChain.doFilter(ApplicationFilterChain.java:158)
	at org.springframework.web.filter.FormContentFilter.doFilterInternal(FormContentFilter.java:93)
	at org.springframework.web.filter.OncePerRequestFilter.doFilter(OncePerRequestFilter.java:116)
	at org.apache.catalina.core.ApplicationFilterChain.internalDoFilter(ApplicationFilterChain.java:185)
	at org.apache.catalina.core.ApplicationFilterChain.doFilter(ApplicationFilterChain.java:158)
	at org.springframework.web.filter.CharacterEncodingFilter.doFilterInternal(CharacterEncodingFilter.java:201)
	at org.springframework.web.filter.OncePerRequestFilter.doFilter(OncePerRequestFilter.java:116)
	at org.apache.catalina.core.ApplicationFilterChain.internalDoFilter(ApplicationFilterChain.java:185)
	at org.apache.catalina.core.ApplicationFilterChain.doFilter(ApplicationFilterChain.java:158)
	at org.apache.catalina.core.StandardWrapperValve.invoke(StandardWrapperValve.java:177)
	at org.apache.catalina.core.StandardContextValve.invoke(StandardContextValve.java:97)
	at org.apache.catalina.authenticator.AuthenticatorBase.invoke(AuthenticatorBase.java:542)
	at org.apache.catalina.core.StandardHostValve.invoke(StandardHostValve.java:119)
	at org.apache.catalina.valves.ErrorReportValve.invoke(ErrorReportValve.java:92)
	at org.apache.catalina.core.StandardEngineValve.invoke(StandardEngineValve.java:78)
	at org.apache.catalina.connector.CoyoteAdapter.service(CoyoteAdapter.java:357)
	at org.apache.coyote.http11.Http11Processor.service(Http11Processor.java:400)
	at org.apache.coyote.AbstractProcessorLight.process(AbstractProcessorLight.java:65)
	at org.apache.coyote.AbstractProtocol$ConnectionHandler.process(AbstractProtocol.java:859)
	at org.apache.tomcat.util.net.NioEndpoint$SocketProcessor.doRun(NioEndpoint.java:1734)
	at org.apache.tomcat.util.net.SocketProcessorBase.run(SocketProcessorBase.java:52)
	at org.apache.tomcat.util.threads.ThreadPoolExecutor.runWorker(ThreadPoolExecutor.java:1191)
	at org.apache.tomcat.util.threads.ThreadPoolExecutor$Worker.run(ThreadPoolExecutor.java:659)
	at org.apache.tomcat.util.threads.TaskThread$WrappingRunnable.run(TaskThread.java:61)
	at java.base/java.lang.Thread.run(Thread.java:1589)
2023-03-16 07:52:05,922 ERROR c.e.p.e.c.EmployeeController -- Validation failed for argument [0] in public org.springframework.http.ResponseEntity<com.exceptionhandling.practice.employeecrud.entity.Employee> com.exceptionhandling.practice.employeecrud.controller.EmployeeController.addNewEmployee(com.exceptionhandling.practice.employeecrud.dto.EmployeeDto) with 5 errors: [Field error in object 'employeeDto' on field 'employeeDept': rejected value [e3]; codes [Min.employeeDto.employeeDept,Min.employeeDept,Min.java.lang.String,Min]; arguments [org.springframework.context.support.DefaultMessageSourceResolvable: codes [employeeDto.employeeDept,employeeDept]; arguments []; default message [employeeDept],2]; default message [must be greater than or equal to 2]] [Field error in object 'employeeDto' on field 'employeeDept': rejected value [e3]; codes [Max.employeeDto.employeeDept,Max.employeeDept,Max.java.lang.String,Max]; arguments [org.springframework.context.support.DefaultMessageSourceResolvable: codes [employeeDto.employeeDept,employeeDept]; arguments []; default message [employeeDept],25]; default message [must be less than or equal to 25]] [Field error in object 'employeeDto' on field 'employeeName': rejected value []; codes [Max.employeeDto.employeeName,Max.employeeName,Max.java.lang.String,Max]; arguments [org.springframework.context.support.DefaultMessageSourceResolvable: codes [employeeDto.employeeName,employeeName]; arguments []; default message [employeeName],25]; default message [must be less than or equal to 25]] [Field error in object 'employeeDto' on field 'employeeName': rejected value []; codes [Min.employeeDto.employeeName,Min.employeeName,Min.java.lang.String,Min]; arguments [org.springframework.context.support.DefaultMessageSourceResolvable: codes [employeeDto.employeeName,employeeName]; arguments []; default message [employeeName],2]; default message [must be greater than or equal to 2]] [Field error in object 'employeeDto' on field 'employeeName': rejected value []; codes [NotEmpty.employeeDto.employeeName,NotEmpty.employeeName,NotEmpty.java.lang.String,NotEmpty]; arguments [org.springframework.context.support.DefaultMessageSourceResolvable: codes [employeeDto.employeeName,employeeName]; arguments []; default message [employeeName]]; default message [Employee Name shouldn't be empty]]  
org.springframework.web.bind.MethodArgumentNotValidException: Validation failed for argument [0] in public org.springframework.http.ResponseEntity<com.exceptionhandling.practice.employeecrud.entity.Employee> com.exceptionhandling.practice.employeecrud.controller.EmployeeController.addNewEmployee(com.exceptionhandling.practice.employeecrud.dto.EmployeeDto) with 5 errors: [Field error in object 'employeeDto' on field 'employeeDept': rejected value [e3]; codes [Min.employeeDto.employeeDept,Min.employeeDept,Min.java.lang.String,Min]; arguments [org.springframework.context.support.DefaultMessageSourceResolvable: codes [employeeDto.employeeDept,employeeDept]; arguments []; default message [employeeDept],2]; default message [must be greater than or equal to 2]] [Field error in object 'employeeDto' on field 'employeeDept': rejected value [e3]; codes [Max.employeeDto.employeeDept,Max.employeeDept,Max.java.lang.String,Max]; arguments [org.springframework.context.support.DefaultMessageSourceResolvable: codes [employeeDto.employeeDept,employeeDept]; arguments []; default message [employeeDept],25]; default message [must be less than or equal to 25]] [Field error in object 'employeeDto' on field 'employeeName': rejected value []; codes [Max.employeeDto.employeeName,Max.employeeName,Max.java.lang.String,Max]; arguments [org.springframework.context.support.DefaultMessageSourceResolvable: codes [employeeDto.employeeName,employeeName]; arguments []; default message [employeeName],25]; default message [must be less than or equal to 25]] [Field error in object 'employeeDto' on field 'employeeName': rejected value []; codes [Min.employeeDto.employeeName,Min.employeeName,Min.java.lang.String,Min]; arguments [org.springframework.context.support.DefaultMessageSourceResolvable: codes [employeeDto.employeeName,employeeName]; arguments []; default message [employeeName],2]; default message [must be greater than or equal to 2]] [Field error in object 'employeeDto' on field 'employeeName': rejected value []; codes [NotEmpty.employeeDto.employeeName,NotEmpty.employeeName,NotEmpty.java.lang.String,NotEmpty]; arguments [org.springframework.context.support.DefaultMessageSourceResolvable: codes [employeeDto.employeeName,employeeName]; arguments []; default message [employeeName]]; default message [Employee Name shouldn't be empty]] 
	at org.springframework.web.servlet.mvc.method.annotation.RequestResponseBodyMethodProcessor.resolveArgument(RequestResponseBodyMethodProcessor.java:144)
	at org.springframework.web.method.support.HandlerMethodArgumentResolverComposite.resolveArgument(HandlerMethodArgumentResolverComposite.java:122)
	at org.springframework.web.method.support.InvocableHandlerMethod.getMethodArgumentValues(InvocableHandlerMethod.java:181)
	at org.springframework.web.method.support.InvocableHandlerMethod.invokeForRequest(InvocableHandlerMethod.java:148)
	at org.springframework.web.servlet.mvc.method.annotation.ServletInvocableHandlerMethod.invokeAndHandle(ServletInvocableHandlerMethod.java:117)
	at org.springframework.web.servlet.mvc.method.annotation.RequestMappingHandlerAdapter.invokeHandlerMethod(RequestMappingHandlerAdapter.java:884)
	at org.springframework.web.servlet.mvc.method.annotation.RequestMappingHandlerAdapter.handleInternal(RequestMappingHandlerAdapter.java:797)
	at org.springframework.web.servlet.mvc.method.AbstractHandlerMethodAdapter.handle(AbstractHandlerMethodAdapter.java:87)
	at org.springframework.web.servlet.DispatcherServlet.doDispatch(DispatcherServlet.java:1081)
	at org.springframework.web.servlet.DispatcherServlet.doService(DispatcherServlet.java:974)
	at org.springframework.web.servlet.FrameworkServlet.processRequest(FrameworkServlet.java:1011)
	at org.springframework.web.servlet.FrameworkServlet.doPost(FrameworkServlet.java:914)
	at jakarta.servlet.http.HttpServlet.service(HttpServlet.java:731)
	at org.springframework.web.servlet.FrameworkServlet.service(FrameworkServlet.java:885)
	at jakarta.servlet.http.HttpServlet.service(HttpServlet.java:814)
	at org.apache.catalina.core.ApplicationFilterChain.internalDoFilter(ApplicationFilterChain.java:223)
	at org.apache.catalina.core.ApplicationFilterChain.doFilter(ApplicationFilterChain.java:158)
	at org.apache.tomcat.websocket.server.WsFilter.doFilter(WsFilter.java:53)
	at org.apache.catalina.core.ApplicationFilterChain.internalDoFilter(ApplicationFilterChain.java:185)
	at org.apache.catalina.core.ApplicationFilterChain.doFilter(ApplicationFilterChain.java:158)
	at org.springframework.web.filter.RequestContextFilter.doFilterInternal(RequestContextFilter.java:100)
	at org.springframework.web.filter.OncePerRequestFilter.doFilter(OncePerRequestFilter.java:116)
	at org.apache.catalina.core.ApplicationFilterChain.internalDoFilter(ApplicationFilterChain.java:185)
	at org.apache.catalina.core.ApplicationFilterChain.doFilter(ApplicationFilterChain.java:158)
	at org.springframework.web.filter.FormContentFilter.doFilterInternal(FormContentFilter.java:93)
	at org.springframework.web.filter.OncePerRequestFilter.doFilter(OncePerRequestFilter.java:116)
	at org.apache.catalina.core.ApplicationFilterChain.internalDoFilter(ApplicationFilterChain.java:185)
	at org.apache.catalina.core.ApplicationFilterChain.doFilter(ApplicationFilterChain.java:158)
	at org.springframework.web.filter.CharacterEncodingFilter.doFilterInternal(CharacterEncodingFilter.java:201)
	at org.springframework.web.filter.OncePerRequestFilter.doFilter(OncePerRequestFilter.java:116)
	at org.apache.catalina.core.ApplicationFilterChain.internalDoFilter(ApplicationFilterChain.java:185)
	at org.apache.catalina.core.ApplicationFilterChain.doFilter(ApplicationFilterChain.java:158)
	at org.apache.catalina.core.StandardWrapperValve.invoke(StandardWrapperValve.java:177)
	at org.apache.catalina.core.StandardContextValve.invoke(StandardContextValve.java:97)
	at org.apache.catalina.authenticator.AuthenticatorBase.invoke(AuthenticatorBase.java:542)
	at org.apache.catalina.core.StandardHostValve.invoke(StandardHostValve.java:119)
	at org.apache.catalina.valves.ErrorReportValve.invoke(ErrorReportValve.java:92)
	at org.apache.catalina.core.StandardEngineValve.invoke(StandardEngineValve.java:78)
	at org.apache.catalina.connector.CoyoteAdapter.service(CoyoteAdapter.java:357)
	at org.apache.coyote.http11.Http11Processor.service(Http11Processor.java:400)
	at org.apache.coyote.AbstractProcessorLight.process(AbstractProcessorLight.java:65)
	at org.apache.coyote.AbstractProtocol$ConnectionHandler.process(AbstractProtocol.java:859)
	at org.apache.tomcat.util.net.NioEndpoint$SocketProcessor.doRun(NioEndpoint.java:1734)
	at org.apache.tomcat.util.net.SocketProcessorBase.run(SocketProcessorBase.java:52)
	at org.apache.tomcat.util.threads.ThreadPoolExecutor.runWorker(ThreadPoolExecutor.java:1191)
	at org.apache.tomcat.util.threads.ThreadPoolExecutor$Worker.run(ThreadPoolExecutor.java:659)
	at org.apache.tomcat.util.threads.TaskThread$WrappingRunnable.run(TaskThread.java:61)
	at java.base/java.lang.Thread.run(Thread.java:1589)
2023-03-16 07:53:45,874 INFO  c.e.p.e.EmployeeCrudApplication -- Starting EmployeeCrudApplication using Java 19.0.2 with PID 9300 (E:\spring boot practice\EmployeeCrud\target\classes started by Saurabh in E:\spring boot practice\EmployeeCrud) 
2023-03-16 07:53:45,875 INFO  c.e.p.e.EmployeeCrudApplication -- No active profile set, falling back to 1 default profile: "default" 
2023-03-16 07:53:47,890 INFO  c.e.p.e.EmployeeCrudApplication -- Started EmployeeCrudApplication in 2.111 seconds (process running for 757.302) 
2023-03-16 07:54:02,762 INFO  c.e.p.e.EmployeeCrudApplication -- Starting EmployeeCrudApplication using Java 19.0.2 with PID 9300 (E:\spring boot practice\EmployeeCrud\target\classes started by Saurabh in E:\spring boot practice\EmployeeCrud) 
2023-03-16 07:54:02,763 INFO  c.e.p.e.EmployeeCrudApplication -- No active profile set, falling back to 1 default profile: "default" 
2023-03-16 07:54:03,803 INFO  c.e.p.e.EmployeeCrudApplication -- Started EmployeeCrudApplication in 1.095 seconds (process running for 773.215) 
2023-03-16 07:54:15,499 ERROR c.e.p.e.c.EmployeeController -- Validation failed for argument [0] in public org.springframework.http.ResponseEntity<com.exceptionhandling.practice.employeecrud.entity.Employee> com.exceptionhandling.practice.employeecrud.controller.EmployeeController.addNewEmployee(com.exceptionhandling.practice.employeecrud.dto.EmployeeDto) with 5 errors: [Field error in object 'employeeDto' on field 'employeeName': rejected value []; codes [Max.employeeDto.employeeName,Max.employeeName,Max.java.lang.String,Max]; arguments [org.springframework.context.support.DefaultMessageSourceResolvable: codes [employeeDto.employeeName,employeeName]; arguments []; default message [employeeName],25]; default message [must be less than or equal to 25]] [Field error in object 'employeeDto' on field 'employeeDept': rejected value [e3]; codes [Max.employeeDto.employeeDept,Max.employeeDept,Max.java.lang.String,Max]; arguments [org.springframework.context.support.DefaultMessageSourceResolvable: codes [employeeDto.employeeDept,employeeDept]; arguments []; default message [employeeDept],25]; default message [must be less than or equal to 25]] [Field error in object 'employeeDto' on field 'employeeName': rejected value []; codes [Min.employeeDto.employeeName,Min.employeeName,Min.java.lang.String,Min]; arguments [org.springframework.context.support.DefaultMessageSourceResolvable: codes [employeeDto.employeeName,employeeName]; arguments []; default message [employeeName],2]; default message [must be greater than or equal to 2]] [Field error in object 'employeeDto' on field 'employeeName': rejected value []; codes [NotEmpty.employeeDto.employeeName,NotEmpty.employeeName,NotEmpty.java.lang.String,NotEmpty]; arguments [org.springframework.context.support.DefaultMessageSourceResolvable: codes [employeeDto.employeeName,employeeName]; arguments []; default message [employeeName]]; default message [Employee Name shouldn't be empty]] [Field error in object 'employeeDto' on field 'employeeDept': rejected value [e3]; codes [Min.employeeDto.employeeDept,Min.employeeDept,Min.java.lang.String,Min]; arguments [org.springframework.context.support.DefaultMessageSourceResolvable: codes [employeeDto.employeeDept,employeeDept]; arguments []; default message [employeeDept],2]; default message [must be greater than or equal to 2]]  
org.springframework.web.bind.MethodArgumentNotValidException: Validation failed for argument [0] in public org.springframework.http.ResponseEntity<com.exceptionhandling.practice.employeecrud.entity.Employee> com.exceptionhandling.practice.employeecrud.controller.EmployeeController.addNewEmployee(com.exceptionhandling.practice.employeecrud.dto.EmployeeDto) with 5 errors: [Field error in object 'employeeDto' on field 'employeeName': rejected value []; codes [Max.employeeDto.employeeName,Max.employeeName,Max.java.lang.String,Max]; arguments [org.springframework.context.support.DefaultMessageSourceResolvable: codes [employeeDto.employeeName,employeeName]; arguments []; default message [employeeName],25]; default message [must be less than or equal to 25]] [Field error in object 'employeeDto' on field 'employeeDept': rejected value [e3]; codes [Max.employeeDto.employeeDept,Max.employeeDept,Max.java.lang.String,Max]; arguments [org.springframework.context.support.DefaultMessageSourceResolvable: codes [employeeDto.employeeDept,employeeDept]; arguments []; default message [employeeDept],25]; default message [must be less than or equal to 25]] [Field error in object 'employeeDto' on field 'employeeName': rejected value []; codes [Min.employeeDto.employeeName,Min.employeeName,Min.java.lang.String,Min]; arguments [org.springframework.context.support.DefaultMessageSourceResolvable: codes [employeeDto.employeeName,employeeName]; arguments []; default message [employeeName],2]; default message [must be greater than or equal to 2]] [Field error in object 'employeeDto' on field 'employeeName': rejected value []; codes [NotEmpty.employeeDto.employeeName,NotEmpty.employeeName,NotEmpty.java.lang.String,NotEmpty]; arguments [org.springframework.context.support.DefaultMessageSourceResolvable: codes [employeeDto.employeeName,employeeName]; arguments []; default message [employeeName]]; default message [Employee Name shouldn't be empty]] [Field error in object 'employeeDto' on field 'employeeDept': rejected value [e3]; codes [Min.employeeDto.employeeDept,Min.employeeDept,Min.java.lang.String,Min]; arguments [org.springframework.context.support.DefaultMessageSourceResolvable: codes [employeeDto.employeeDept,employeeDept]; arguments []; default message [employeeDept],2]; default message [must be greater than or equal to 2]] 
	at org.springframework.web.servlet.mvc.method.annotation.RequestResponseBodyMethodProcessor.resolveArgument(RequestResponseBodyMethodProcessor.java:144)
	at org.springframework.web.method.support.HandlerMethodArgumentResolverComposite.resolveArgument(HandlerMethodArgumentResolverComposite.java:122)
	at org.springframework.web.method.support.InvocableHandlerMethod.getMethodArgumentValues(InvocableHandlerMethod.java:181)
	at org.springframework.web.method.support.InvocableHandlerMethod.invokeForRequest(InvocableHandlerMethod.java:148)
	at org.springframework.web.servlet.mvc.method.annotation.ServletInvocableHandlerMethod.invokeAndHandle(ServletInvocableHandlerMethod.java:117)
	at org.springframework.web.servlet.mvc.method.annotation.RequestMappingHandlerAdapter.invokeHandlerMethod(RequestMappingHandlerAdapter.java:884)
	at org.springframework.web.servlet.mvc.method.annotation.RequestMappingHandlerAdapter.handleInternal(RequestMappingHandlerAdapter.java:797)
	at org.springframework.web.servlet.mvc.method.AbstractHandlerMethodAdapter.handle(AbstractHandlerMethodAdapter.java:87)
	at org.springframework.web.servlet.DispatcherServlet.doDispatch(DispatcherServlet.java:1081)
	at org.springframework.web.servlet.DispatcherServlet.doService(DispatcherServlet.java:974)
	at org.springframework.web.servlet.FrameworkServlet.processRequest(FrameworkServlet.java:1011)
	at org.springframework.web.servlet.FrameworkServlet.doPost(FrameworkServlet.java:914)
	at jakarta.servlet.http.HttpServlet.service(HttpServlet.java:731)
	at org.springframework.web.servlet.FrameworkServlet.service(FrameworkServlet.java:885)
	at jakarta.servlet.http.HttpServlet.service(HttpServlet.java:814)
	at org.apache.catalina.core.ApplicationFilterChain.internalDoFilter(ApplicationFilterChain.java:223)
	at org.apache.catalina.core.ApplicationFilterChain.doFilter(ApplicationFilterChain.java:158)
	at org.apache.tomcat.websocket.server.WsFilter.doFilter(WsFilter.java:53)
	at org.apache.catalina.core.ApplicationFilterChain.internalDoFilter(ApplicationFilterChain.java:185)
	at org.apache.catalina.core.ApplicationFilterChain.doFilter(ApplicationFilterChain.java:158)
	at org.springframework.web.filter.RequestContextFilter.doFilterInternal(RequestContextFilter.java:100)
	at org.springframework.web.filter.OncePerRequestFilter.doFilter(OncePerRequestFilter.java:116)
	at org.apache.catalina.core.ApplicationFilterChain.internalDoFilter(ApplicationFilterChain.java:185)
	at org.apache.catalina.core.ApplicationFilterChain.doFilter(ApplicationFilterChain.java:158)
	at org.springframework.web.filter.FormContentFilter.doFilterInternal(FormContentFilter.java:93)
	at org.springframework.web.filter.OncePerRequestFilter.doFilter(OncePerRequestFilter.java:116)
	at org.apache.catalina.core.ApplicationFilterChain.internalDoFilter(ApplicationFilterChain.java:185)
	at org.apache.catalina.core.ApplicationFilterChain.doFilter(ApplicationFilterChain.java:158)
	at org.springframework.web.filter.CharacterEncodingFilter.doFilterInternal(CharacterEncodingFilter.java:201)
	at org.springframework.web.filter.OncePerRequestFilter.doFilter(OncePerRequestFilter.java:116)
	at org.apache.catalina.core.ApplicationFilterChain.internalDoFilter(ApplicationFilterChain.java:185)
	at org.apache.catalina.core.ApplicationFilterChain.doFilter(ApplicationFilterChain.java:158)
	at org.apache.catalina.core.StandardWrapperValve.invoke(StandardWrapperValve.java:177)
	at org.apache.catalina.core.StandardContextValve.invoke(StandardContextValve.java:97)
	at org.apache.catalina.authenticator.AuthenticatorBase.invoke(AuthenticatorBase.java:542)
	at org.apache.catalina.core.StandardHostValve.invoke(StandardHostValve.java:119)
	at org.apache.catalina.valves.ErrorReportValve.invoke(ErrorReportValve.java:92)
	at org.apache.catalina.core.StandardEngineValve.invoke(StandardEngineValve.java:78)
	at org.apache.catalina.connector.CoyoteAdapter.service(CoyoteAdapter.java:357)
	at org.apache.coyote.http11.Http11Processor.service(Http11Processor.java:400)
	at org.apache.coyote.AbstractProcessorLight.process(AbstractProcessorLight.java:65)
	at org.apache.coyote.AbstractProtocol$ConnectionHandler.process(AbstractProtocol.java:859)
	at org.apache.tomcat.util.net.NioEndpoint$SocketProcessor.doRun(NioEndpoint.java:1734)
	at org.apache.tomcat.util.net.SocketProcessorBase.run(SocketProcessorBase.java:52)
	at org.apache.tomcat.util.threads.ThreadPoolExecutor.runWorker(ThreadPoolExecutor.java:1191)
	at org.apache.tomcat.util.threads.ThreadPoolExecutor$Worker.run(ThreadPoolExecutor.java:659)
	at org.apache.tomcat.util.threads.TaskThread$WrappingRunnable.run(TaskThread.java:61)
	at java.base/java.lang.Thread.run(Thread.java:1589)
2023-03-16 07:56:42,228 INFO  c.e.p.e.EmployeeCrudApplication -- Starting EmployeeCrudApplication using Java 19.0.2 with PID 9300 (E:\spring boot practice\EmployeeCrud\target\classes started by Saurabh in E:\spring boot practice\EmployeeCrud) 
2023-03-16 07:56:42,229 INFO  c.e.p.e.EmployeeCrudApplication -- No active profile set, falling back to 1 default profile: "default" 
2023-03-16 07:56:45,083 INFO  c.e.p.e.EmployeeCrudApplication -- Started EmployeeCrudApplication in 2.919 seconds (process running for 934.495) 
2023-03-16 07:57:04,234 ERROR c.e.p.e.c.EmployeeController -- Validation failed for argument [0] in public org.springframework.http.ResponseEntity<com.exceptionhandling.practice.employeecrud.entity.Employee> com.exceptionhandling.practice.employeecrud.controller.EmployeeController.addNewEmployee(com.exceptionhandling.practice.employeecrud.dto.EmployeeDto) with 5 errors: [Field error in object 'employeeDto' on field 'employeeDept': rejected value [e3]; codes [Min.employeeDto.employeeDept,Min.employeeDept,Min.java.lang.String,Min]; arguments [org.springframework.context.support.DefaultMessageSourceResolvable: codes [employeeDto.employeeDept,employeeDept]; arguments []; default message [employeeDept],2]; default message [must be greater than or equal to 2]] [Field error in object 'employeeDto' on field 'employeeName': rejected value []; codes [Max.employeeDto.employeeName,Max.employeeName,Max.java.lang.String,Max]; arguments [org.springframework.context.support.DefaultMessageSourceResolvable: codes [employeeDto.employeeName,employeeName]; arguments []; default message [employeeName],25]; default message [must be less than or equal to 25]] [Field error in object 'employeeDto' on field 'employeeDept': rejected value [e3]; codes [Max.employeeDto.employeeDept,Max.employeeDept,Max.java.lang.String,Max]; arguments [org.springframework.context.support.DefaultMessageSourceResolvable: codes [employeeDto.employeeDept,employeeDept]; arguments []; default message [employeeDept],25]; default message [must be less than or equal to 25]] [Field error in object 'employeeDto' on field 'employeeName': rejected value []; codes [Min.employeeDto.employeeName,Min.employeeName,Min.java.lang.String,Min]; arguments [org.springframework.context.support.DefaultMessageSourceResolvable: codes [employeeDto.employeeName,employeeName]; arguments []; default message [employeeName],2]; default message [must be greater than or equal to 2]] [Field error in object 'employeeDto' on field 'employeeName': rejected value []; codes [NotEmpty.employeeDto.employeeName,NotEmpty.employeeName,NotEmpty.java.lang.String,NotEmpty]; arguments [org.springframework.context.support.DefaultMessageSourceResolvable: codes [employeeDto.employeeName,employeeName]; arguments []; default message [employeeName]]; default message [Employee Name shouldn't be empty]]  
org.springframework.web.bind.MethodArgumentNotValidException: Validation failed for argument [0] in public org.springframework.http.ResponseEntity<com.exceptionhandling.practice.employeecrud.entity.Employee> com.exceptionhandling.practice.employeecrud.controller.EmployeeController.addNewEmployee(com.exceptionhandling.practice.employeecrud.dto.EmployeeDto) with 5 errors: [Field error in object 'employeeDto' on field 'employeeDept': rejected value [e3]; codes [Min.employeeDto.employeeDept,Min.employeeDept,Min.java.lang.String,Min]; arguments [org.springframework.context.support.DefaultMessageSourceResolvable: codes [employeeDto.employeeDept,employeeDept]; arguments []; default message [employeeDept],2]; default message [must be greater than or equal to 2]] [Field error in object 'employeeDto' on field 'employeeName': rejected value []; codes [Max.employeeDto.employeeName,Max.employeeName,Max.java.lang.String,Max]; arguments [org.springframework.context.support.DefaultMessageSourceResolvable: codes [employeeDto.employeeName,employeeName]; arguments []; default message [employeeName],25]; default message [must be less than or equal to 25]] [Field error in object 'employeeDto' on field 'employeeDept': rejected value [e3]; codes [Max.employeeDto.employeeDept,Max.employeeDept,Max.java.lang.String,Max]; arguments [org.springframework.context.support.DefaultMessageSourceResolvable: codes [employeeDto.employeeDept,employeeDept]; arguments []; default message [employeeDept],25]; default message [must be less than or equal to 25]] [Field error in object 'employeeDto' on field 'employeeName': rejected value []; codes [Min.employeeDto.employeeName,Min.employeeName,Min.java.lang.String,Min]; arguments [org.springframework.context.support.DefaultMessageSourceResolvable: codes [employeeDto.employeeName,employeeName]; arguments []; default message [employeeName],2]; default message [must be greater than or equal to 2]] [Field error in object 'employeeDto' on field 'employeeName': rejected value []; codes [NotEmpty.employeeDto.employeeName,NotEmpty.employeeName,NotEmpty.java.lang.String,NotEmpty]; arguments [org.springframework.context.support.DefaultMessageSourceResolvable: codes [employeeDto.employeeName,employeeName]; arguments []; default message [employeeName]]; default message [Employee Name shouldn't be empty]] 
	at org.springframework.web.servlet.mvc.method.annotation.RequestResponseBodyMethodProcessor.resolveArgument(RequestResponseBodyMethodProcessor.java:144)
	at org.springframework.web.method.support.HandlerMethodArgumentResolverComposite.resolveArgument(HandlerMethodArgumentResolverComposite.java:122)
	at org.springframework.web.method.support.InvocableHandlerMethod.getMethodArgumentValues(InvocableHandlerMethod.java:181)
	at org.springframework.web.method.support.InvocableHandlerMethod.invokeForRequest(InvocableHandlerMethod.java:148)
	at org.springframework.web.servlet.mvc.method.annotation.ServletInvocableHandlerMethod.invokeAndHandle(ServletInvocableHandlerMethod.java:117)
	at org.springframework.web.servlet.mvc.method.annotation.RequestMappingHandlerAdapter.invokeHandlerMethod(RequestMappingHandlerAdapter.java:884)
	at org.springframework.web.servlet.mvc.method.annotation.RequestMappingHandlerAdapter.handleInternal(RequestMappingHandlerAdapter.java:797)
	at org.springframework.web.servlet.mvc.method.AbstractHandlerMethodAdapter.handle(AbstractHandlerMethodAdapter.java:87)
	at org.springframework.web.servlet.DispatcherServlet.doDispatch(DispatcherServlet.java:1081)
	at org.springframework.web.servlet.DispatcherServlet.doService(DispatcherServlet.java:974)
	at org.springframework.web.servlet.FrameworkServlet.processRequest(FrameworkServlet.java:1011)
	at org.springframework.web.servlet.FrameworkServlet.doPost(FrameworkServlet.java:914)
	at jakarta.servlet.http.HttpServlet.service(HttpServlet.java:731)
	at org.springframework.web.servlet.FrameworkServlet.service(FrameworkServlet.java:885)
	at jakarta.servlet.http.HttpServlet.service(HttpServlet.java:814)
	at org.apache.catalina.core.ApplicationFilterChain.internalDoFilter(ApplicationFilterChain.java:223)
	at org.apache.catalina.core.ApplicationFilterChain.doFilter(ApplicationFilterChain.java:158)
	at org.apache.tomcat.websocket.server.WsFilter.doFilter(WsFilter.java:53)
	at org.apache.catalina.core.ApplicationFilterChain.internalDoFilter(ApplicationFilterChain.java:185)
	at org.apache.catalina.core.ApplicationFilterChain.doFilter(ApplicationFilterChain.java:158)
	at org.springframework.web.filter.RequestContextFilter.doFilterInternal(RequestContextFilter.java:100)
	at org.springframework.web.filter.OncePerRequestFilter.doFilter(OncePerRequestFilter.java:116)
	at org.apache.catalina.core.ApplicationFilterChain.internalDoFilter(ApplicationFilterChain.java:185)
	at org.apache.catalina.core.ApplicationFilterChain.doFilter(ApplicationFilterChain.java:158)
	at org.springframework.web.filter.FormContentFilter.doFilterInternal(FormContentFilter.java:93)
	at org.springframework.web.filter.OncePerRequestFilter.doFilter(OncePerRequestFilter.java:116)
	at org.apache.catalina.core.ApplicationFilterChain.internalDoFilter(ApplicationFilterChain.java:185)
	at org.apache.catalina.core.ApplicationFilterChain.doFilter(ApplicationFilterChain.java:158)
	at org.springframework.web.filter.CharacterEncodingFilter.doFilterInternal(CharacterEncodingFilter.java:201)
	at org.springframework.web.filter.OncePerRequestFilter.doFilter(OncePerRequestFilter.java:116)
	at org.apache.catalina.core.ApplicationFilterChain.internalDoFilter(ApplicationFilterChain.java:185)
	at org.apache.catalina.core.ApplicationFilterChain.doFilter(ApplicationFilterChain.java:158)
	at org.apache.catalina.core.StandardWrapperValve.invoke(StandardWrapperValve.java:177)
	at org.apache.catalina.core.StandardContextValve.invoke(StandardContextValve.java:97)
	at org.apache.catalina.authenticator.AuthenticatorBase.invoke(AuthenticatorBase.java:542)
	at org.apache.catalina.core.StandardHostValve.invoke(StandardHostValve.java:119)
	at org.apache.catalina.valves.ErrorReportValve.invoke(ErrorReportValve.java:92)
	at org.apache.catalina.core.StandardEngineValve.invoke(StandardEngineValve.java:78)
	at org.apache.catalina.connector.CoyoteAdapter.service(CoyoteAdapter.java:357)
	at org.apache.coyote.http11.Http11Processor.service(Http11Processor.java:400)
	at org.apache.coyote.AbstractProcessorLight.process(AbstractProcessorLight.java:65)
	at org.apache.coyote.AbstractProtocol$ConnectionHandler.process(AbstractProtocol.java:859)
	at org.apache.tomcat.util.net.NioEndpoint$SocketProcessor.doRun(NioEndpoint.java:1734)
	at org.apache.tomcat.util.net.SocketProcessorBase.run(SocketProcessorBase.java:52)
	at org.apache.tomcat.util.threads.ThreadPoolExecutor.runWorker(ThreadPoolExecutor.java:1191)
	at org.apache.tomcat.util.threads.ThreadPoolExecutor$Worker.run(ThreadPoolExecutor.java:659)
	at org.apache.tomcat.util.threads.TaskThread$WrappingRunnable.run(TaskThread.java:61)
	at java.base/java.lang.Thread.run(Thread.java:1589)
2023-03-16 07:59:05,019 INFO  c.e.p.e.EmployeeCrudApplication -- Starting EmployeeCrudApplication using Java 19.0.2 with PID 9300 (E:\spring boot practice\EmployeeCrud\target\classes started by Saurabh in E:\spring boot practice\EmployeeCrud) 
2023-03-16 07:59:05,020 INFO  c.e.p.e.EmployeeCrudApplication -- No active profile set, falling back to 1 default profile: "default" 
