00:38:46.617 [main] INFO  c.e.p.e.s.EmployeeServiceImplTest - Starting EmployeeServiceImplTest using Java 19.0.2 with PID 13260 (started by Saurabh in E:\spring boot practice\EmployeeCrud)
00:38:46.737 [main] INFO  c.e.p.e.s.EmployeeServiceImplTest - No active profile set, falling back to 1 default profile: "default"
00:38:57.881 [main] INFO  c.e.p.e.s.EmployeeServiceImplTest - Started EmployeeServiceImplTest in 12.263 seconds (process running for 15.94)
00:47:12.197 [main] INFO  c.e.p.e.s.EmployeeServiceImplTest - Starting EmployeeServiceImplTest using Java 19.0.2 with PID 19752 (started by Saurabh in E:\spring boot practice\EmployeeCrud)
00:47:12.205 [main] INFO  c.e.p.e.s.EmployeeServiceImplTest - No active profile set, falling back to 1 default profile: "default"
00:47:25.424 [main] INFO  c.e.p.e.s.EmployeeServiceImplTest - Started EmployeeServiceImplTest in 14.194 seconds (process running for 18.699)
00:48:47.856 [main] INFO  c.e.p.e.s.EmployeeServiceImplTest - Starting EmployeeServiceImplTest using Java 19.0.2 with PID 13004 (started by Saurabh in E:\spring boot practice\EmployeeCrud)
00:48:47.861 [main] INFO  c.e.p.e.s.EmployeeServiceImplTest - No active profile set, falling back to 1 default profile: "default"
00:48:58.547 [main] INFO  c.e.p.e.s.EmployeeServiceImplTest - Started EmployeeServiceImplTest in 11.289 seconds (process running for 14.58)
00:49:30.680 [main] INFO  c.e.p.e.s.EmployeeServiceImplTest - Starting EmployeeServiceImplTest using Java 19.0.2 with PID 6812 (started by Saurabh in E:\spring boot practice\EmployeeCrud)
00:49:30.685 [main] INFO  c.e.p.e.s.EmployeeServiceImplTest - No active profile set, falling back to 1 default profile: "default"
00:49:42.350 [main] INFO  c.e.p.e.s.EmployeeServiceImplTest - Started EmployeeServiceImplTest in 12.348 seconds (process running for 15.744)
00:49:42.953 [main] INFO  c.e.p.e.service.EmployeeServiceImpl - findEmployee - START
00:49:42.954 [main] INFO  c.e.p.e.service.EmployeeServiceImpl - calling the repository findByEmployeeId...
00:49:43.228 [main] INFO  c.e.p.e.service.EmployeeServiceImpl - findEmployee - END
00:49:43.515 [main] INFO  c.e.p.e.service.EmployeeServiceImpl - findEmployee - START
00:49:43.516 [main] INFO  c.e.p.e.service.EmployeeServiceImpl - calling the repository findByEmployeeId...
00:49:43.526 [main] INFO  c.e.p.e.service.EmployeeServiceImpl - findEmployee - START
00:49:43.527 [main] INFO  c.e.p.e.service.EmployeeServiceImpl - calling the repository findByEmployeeId...
04:06:41.975 [main] INFO  c.e.p.e.s.EmployeeServiceImplTest - Starting EmployeeServiceImplTest using Java 19.0.2 with PID 17512 (started by Saurabh in E:\spring boot practice\EmployeeCrud)
04:06:41.984 [main] INFO  c.e.p.e.s.EmployeeServiceImplTest - No active profile set, falling back to 1 default profile: "default"
04:06:57.730 [main] INFO  c.e.p.e.s.EmployeeServiceImplTest - Started EmployeeServiceImplTest in 16.492 seconds (process running for 22.373)
04:12:30.672 [main] INFO  c.e.p.e.j.NestedTestsDemo - Starting NestedTestsDemo using Java 19.0.2 with PID 12808 (started by Saurabh in E:\spring boot practice\EmployeeCrud)
04:12:30.677 [main] INFO  c.e.p.e.j.NestedTestsDemo - No active profile set, falling back to 1 default profile: "default"
04:12:46.088 [main] INFO  c.e.p.e.j.NestedTestsDemo - Started NestedTestsDemo in 15.982 seconds (process running for 19.527)
04:13:10.466 [main] INFO  c.e.p.e.j.NestedTestsDemo - Starting NestedTestsDemo using Java 19.0.2 with PID 16208 (started by Saurabh in E:\spring boot practice\EmployeeCrud)
04:13:10.475 [main] INFO  c.e.p.e.j.NestedTestsDemo - No active profile set, falling back to 1 default profile: "default"
04:13:26.080 [main] INFO  c.e.p.e.j.NestedTestsDemo - Started NestedTestsDemo in 16.698 seconds (process running for 22.113)
04:24:23.769 [main] INFO  c.e.p.e.s.EmployeeServiceImplTest - Starting EmployeeServiceImplTest using Java 19.0.2 with PID 18680 (started by Saurabh in E:\spring boot practice\EmployeeCrud)
04:24:23.773 [main] INFO  c.e.p.e.s.EmployeeServiceImplTest - No active profile set, falling back to 1 default profile: "default"
04:24:35.129 [main] INFO  c.e.p.e.s.EmployeeServiceImplTest - Started EmployeeServiceImplTest in 11.939 seconds (process running for 15.326)
04:24:35.846 [main] INFO  c.e.p.e.service.EmployeeServiceImpl - addEmployee - START
04:24:35.846 [main] INFO  c.e.p.e.service.EmployeeServiceImpl - calling the repository save method...
04:24:36.214 [main] INFO  c.e.p.e.service.EmployeeServiceImpl - addEmployee - END
04:27:22.930 [main] INFO  c.e.p.e.s.EmployeeServiceImplTest - Starting EmployeeServiceImplTest using Java 19.0.2 with PID 17348 (started by Saurabh in E:\spring boot practice\EmployeeCrud)
04:27:22.935 [main] INFO  c.e.p.e.s.EmployeeServiceImplTest - No active profile set, falling back to 1 default profile: "default"
04:27:35.645 [main] INFO  c.e.p.e.s.EmployeeServiceImplTest - Started EmployeeServiceImplTest in 13.338 seconds (process running for 16.961)
04:27:36.342 [main] INFO  c.e.p.e.service.EmployeeServiceImpl - addEmployee - START
04:27:36.343 [main] INFO  c.e.p.e.service.EmployeeServiceImpl - calling the repository save method...
04:27:36.621 [main] INFO  c.e.p.e.service.EmployeeServiceImpl - addEmployee - END
04:34:47.331 [main] INFO  c.e.p.e.s.EmployeeServiceImplTest - Starting EmployeeServiceImplTest using Java 19.0.2 with PID 124 (started by Saurabh in E:\spring boot practice\EmployeeCrud)
04:34:47.336 [main] INFO  c.e.p.e.s.EmployeeServiceImplTest - No active profile set, falling back to 1 default profile: "default"
04:35:09.379 [main] INFO  c.e.p.e.s.EmployeeServiceImplTest - Started EmployeeServiceImplTest in 22.793 seconds (process running for 26.349)
04:35:10.306 [main] INFO  c.e.p.e.service.EmployeeServiceImpl - addEmployee - START
04:35:10.306 [main] INFO  c.e.p.e.service.EmployeeServiceImpl - calling the repository save method...
04:35:10.633 [main] INFO  c.e.p.e.service.EmployeeServiceImpl - addEmployee - END
04:35:11.030 [main] INFO  c.e.p.e.service.EmployeeServiceImpl - addEmployee - START
04:35:11.031 [main] INFO  c.e.p.e.service.EmployeeServiceImpl - calling the repository save method...
04:35:11.036 [main] INFO  c.e.p.e.service.EmployeeServiceImpl - addEmployee - END
04:35:11.405 [main] INFO  c.e.p.e.service.EmployeeServiceImpl - addEmployee - START
04:35:11.405 [main] INFO  c.e.p.e.service.EmployeeServiceImpl - calling the repository save method...
04:35:11.409 [main] INFO  c.e.p.e.service.EmployeeServiceImpl - addEmployee - END
04:36:56.857 [main] INFO  c.e.p.e.s.EmployeeServiceImplTest - Starting EmployeeServiceImplTest using Java 19.0.2 with PID 11496 (started by Saurabh in E:\spring boot practice\EmployeeCrud)
04:36:56.861 [main] INFO  c.e.p.e.s.EmployeeServiceImplTest - No active profile set, falling back to 1 default profile: "default"
04:37:08.301 [main] INFO  c.e.p.e.s.EmployeeServiceImplTest - Started EmployeeServiceImplTest in 12.009 seconds (process running for 15.321)
04:37:08.977 [main] INFO  c.e.p.e.service.EmployeeServiceImpl - addEmployee - START
04:37:08.978 [main] INFO  c.e.p.e.service.EmployeeServiceImpl - calling the repository save method...
04:37:09.350 [main] INFO  c.e.p.e.service.EmployeeServiceImpl - addEmployee - END
04:37:09.794 [main] INFO  c.e.p.e.service.EmployeeServiceImpl - addEmployee - START
04:37:09.794 [main] INFO  c.e.p.e.service.EmployeeServiceImpl - calling the repository save method...
04:37:09.804 [main] INFO  c.e.p.e.service.EmployeeServiceImpl - addEmployee - END
04:37:09.997 [main] INFO  c.e.p.e.service.EmployeeServiceImpl - addEmployee - START
04:37:09.997 [main] INFO  c.e.p.e.service.EmployeeServiceImpl - calling the repository save method...
04:37:10.001 [main] INFO  c.e.p.e.service.EmployeeServiceImpl - addEmployee - END
04:48:40.436 [main] INFO  c.e.p.e.s.EmployeeServiceImplTest - Starting EmployeeServiceImplTest using Java 19.0.2 with PID 15528 (started by Saurabh in E:\spring boot practice\EmployeeCrud)
04:48:40.442 [main] INFO  c.e.p.e.s.EmployeeServiceImplTest - No active profile set, falling back to 1 default profile: "default"
04:48:54.087 [main] INFO  c.e.p.e.s.EmployeeServiceImplTest - Started EmployeeServiceImplTest in 14.343 seconds (process running for 17.962)
04:48:54.817 [main] INFO  c.e.p.e.service.EmployeeServiceImpl - addEmployee - START
04:48:54.817 [main] INFO  c.e.p.e.service.EmployeeServiceImpl - calling the repository save method...
04:48:54.982 [main] INFO  c.e.p.e.service.EmployeeServiceImpl - addEmployee - END
04:48:55.291 [main] INFO  c.e.p.e.service.EmployeeServiceImpl - addEmployee - START
04:48:55.292 [main] INFO  c.e.p.e.service.EmployeeServiceImpl - calling the repository save method...
04:48:55.296 [main] INFO  c.e.p.e.service.EmployeeServiceImpl - addEmployee - END
04:50:36.410 [main] INFO  c.e.p.e.s.EmployeeServiceImplTest - Starting EmployeeServiceImplTest using Java 19.0.2 with PID 17896 (started by Saurabh in E:\spring boot practice\EmployeeCrud)
04:50:36.422 [main] INFO  c.e.p.e.s.EmployeeServiceImplTest - No active profile set, falling back to 1 default profile: "default"
04:50:54.252 [main] INFO  c.e.p.e.s.EmployeeServiceImplTest - Started EmployeeServiceImplTest in 18.635 seconds (process running for 23.55)
04:50:54.894 [main] INFO  c.e.p.e.service.EmployeeServiceImpl - addEmployee - START
04:50:54.894 [main] INFO  c.e.p.e.service.EmployeeServiceImpl - calling the repository save method...
04:50:55.196 [main] INFO  c.e.p.e.service.EmployeeServiceImpl - addEmployee - END
04:50:55.655 [main] INFO  c.e.p.e.service.EmployeeServiceImpl - addEmployee - START
04:50:55.655 [main] INFO  c.e.p.e.service.EmployeeServiceImpl - calling the repository save method...
04:50:55.660 [main] INFO  c.e.p.e.service.EmployeeServiceImpl - addEmployee - END
04:54:23.851 [main] INFO  c.e.p.e.s.EmployeeServiceImplTest - Starting EmployeeServiceImplTest using Java 19.0.2 with PID 13964 (started by Saurabh in E:\spring boot practice\EmployeeCrud)
04:54:23.855 [main] INFO  c.e.p.e.s.EmployeeServiceImplTest - No active profile set, falling back to 1 default profile: "default"
04:54:34.694 [main] INFO  c.e.p.e.s.EmployeeServiceImplTest - Started EmployeeServiceImplTest in 11.446 seconds (process running for 15.077)
04:54:35.305 [main] INFO  c.e.p.e.service.EmployeeServiceImpl - addEmployee - START
04:54:35.306 [main] INFO  c.e.p.e.service.EmployeeServiceImpl - calling the repository save method...
04:54:35.498 [main] INFO  c.e.p.e.service.EmployeeServiceImpl - addEmployee - END
04:54:36.137 [main] INFO  c.e.p.e.service.EmployeeServiceImpl - addEmployee - START
04:54:36.137 [main] INFO  c.e.p.e.service.EmployeeServiceImpl - calling the repository save method...
04:54:36.143 [main] INFO  c.e.p.e.service.EmployeeServiceImpl - addEmployee - END
04:57:48.316 [main] INFO  c.e.p.e.s.EmployeeServiceImplTest - Starting EmployeeServiceImplTest using Java 19.0.2 with PID 19540 (started by Saurabh in E:\spring boot practice\EmployeeCrud)
04:57:48.321 [main] INFO  c.e.p.e.s.EmployeeServiceImplTest - No active profile set, falling back to 1 default profile: "default"
04:58:01.183 [main] INFO  c.e.p.e.s.EmployeeServiceImplTest - Started EmployeeServiceImplTest in 13.498 seconds (process running for 17.22)
04:58:53.340 [main] INFO  c.e.p.e.s.EmployeeServiceImplTest - Starting EmployeeServiceImplTest using Java 19.0.2 with PID 14072 (started by Saurabh in E:\spring boot practice\EmployeeCrud)
04:58:53.344 [main] INFO  c.e.p.e.s.EmployeeServiceImplTest - No active profile set, falling back to 1 default profile: "default"
04:59:04.707 [main] INFO  c.e.p.e.s.EmployeeServiceImplTest - Started EmployeeServiceImplTest in 11.981 seconds (process running for 15.343)
05:00:25.221 [main] INFO  c.e.p.e.s.EmployeeServiceImplTest - Starting EmployeeServiceImplTest using Java 19.0.2 with PID 13780 (started by Saurabh in E:\spring boot practice\EmployeeCrud)
05:00:25.226 [main] INFO  c.e.p.e.s.EmployeeServiceImplTest - No active profile set, falling back to 1 default profile: "default"
05:00:41.881 [main] INFO  c.e.p.e.s.EmployeeServiceImplTest - Started EmployeeServiceImplTest in 17.256 seconds (process running for 20.63)
